#
# A fatal error has been detected by the Java Runtime Environment:
#
#  SIGBUS (0x7) at pc=0x00007f033d658f8e, pid=17906, tid=17924
#
# JRE version: OpenJDK Runtime Environment Temurin-17.0.7+7 (17.0.7+7) (build 17.0.7+7)
# Java VM: OpenJDK 64-Bit Server VM Temurin-17.0.7+7 (17.0.7+7, mixed mode, tiered, compressed oops, compressed class ptrs, parallel gc, linux-amd64)
# Problematic frame:
# V  [libjvm.so+0xc58f8e]  PerfLongVariant::sample()+0x1e
#
# No core dump will be written. Core dumps have been disabled. To enable core dumping, try "ulimit -c unlimited" before starting Java again
#
# If you would like to submit a bug report, please visit:
#   https://github.com/adoptium/adoptium-support/issues
#

---------------  S U M M A R Y ------------

Command Line: --add-modules=ALL-SYSTEM --add-opens=java.base/java.util=ALL-UNNAMED --add-opens=java.base/java.lang=ALL-UNNAMED --add-opens=java.base/sun.nio.fs=ALL-UNNAMED -Declipse.application=org.eclipse.jdt.ls.core.id1 -Dosgi.bundles.defaultStartLevel=4 -Declipse.product=org.eclipse.jdt.ls.core.product -Djava.import.generatesMetadataFilesAtProjectRoot=false -Dfile.encoding=utf8 -XX:+UseParallelGC -XX:GCTimeRatio=4 -XX:AdaptiveSizePolicyWeight=90 -Dsun.zip.disableMemoryMapping=true -Xmx1G -Xms100m -Xlog:disable -javaagent:/home/kgaft/.vscode-oss/extensions/redhat.java-1.21.0-linux-x64/lombok/lombok-1.18.28.jar -XX:+HeapDumpOnOutOfMemoryError -XX:HeapDumpPath=/home/kgaft/.config/VSCodium/User/workspaceStorage/643a65087ea9ba5911a2212775e09b3a/redhat.java -Daether.dependencyCollector.impl=bf /home/kgaft/.vscode-oss/extensions/redhat.java-1.21.0-linux-x64/server/plugins/org.eclipse.equinox.launcher_1.6.500.v20230717-2134.jar -configuration /home/kgaft/.config/VSCodium/User/globalStorage/redhat.java/1.21.0/config_linux -data /home/kgaft/.config/VSCodium/User/workspaceStorage/643a65087ea9ba5911a2212775e09b3a/redhat.java/jdt_ws

Host: Intel(R) Core(TM) i7-7700HQ CPU @ 2.80GHz, 8 cores, 15G, DISTRIB_ID="Gentoo"
Time: Wed Aug  2 01:26:41 2023 MSK elapsed time: 11.916158 seconds (0d 0h 0m 11s)

---------------  T H R E A D  ---------------

Current thread (0x00007f0338071660):  WatcherThread [stack: 0x00007f0319600000,0x00007f0319700000] [id=17924]

Stack: [0x00007f0319600000,0x00007f0319700000],  sp=0x00007f03196fed40,  free space=1019k
Native frames: (J=compiled Java code, j=interpreted, Vv=VM code, C=native code)
V  [libjvm.so+0xc58f8e]  PerfLongVariant::sample()+0x1e
V  [libjvm.so+0xda1012]  StatSamplerTask::task()+0x32
V  [libjvm.so+0xe272dc]  PeriodicTask::real_time_tick(int)+0x5c
V  [libjvm.so+0xbea0e7]  WatcherThread::run()+0x47
V  [libjvm.so+0xe65c10]  Thread::call_run()+0xc0
V  [libjvm.so+0xc1aa21]  thread_native_entry(Thread*)+0xe1


siginfo: si_signo: 7 (SIGBUS), si_code: 2 (BUS_ADRERR), si_addr: 0x00007f033e006148

Register to memory mapping:

RAX=0x0 is NULL
RBX=0x00007f033e006148 points into unknown readable memory: 0x0000000000000000 | 00 00 00 00 00 00 00 00
RCX=0x0 is NULL
RDX=0x0 is NULL
RSP=0x00007f03196fed40 points into unknown readable memory: 0x00007f03196fed70 | 70 ed 6f 19 03 7f 00 00
RBP=0x00007f03196fed50 points into unknown readable memory: 0x00007f03196fed70 | 70 ed 6f 19 03 7f 00 00
RSI=0x0 is NULL
RDI=0x00007f03380256c8 points into unknown readable memory: 0x0000000000000000 | 00 00 00 00 00 00 00 00
R8 =0x00007f03380407e0 points into unknown readable memory: 0x00007f033dc168b8 | b8 68 c1 3d 03 7f 00 00
R9 =0x0 is NULL
R10=0x0 is NULL
R11=0x0000000000000246 is an unknown value
R12=0x00007f033839f810 points into unknown readable memory: 0x00007f033839f830 | 30 f8 39 38 03 7f 00 00
R13=0x0000000000000001 is an unknown value
R14=0x0000000000000002 is an unknown value
R15=0x00007f033dd28ba0: <offset 0x0000000001328ba0> in /home/kgaft/.vscode-oss/extensions/redhat.java-1.21.0-linux-x64/jre/17.0.7-linux-x86_64/lib/server/libjvm.so at 0x00007f033ca00000


Registers:
RAX=0x0000000000000000, RBX=0x00007f033e006148, RCX=0x0000000000000000, RDX=0x0000000000000000
RSP=0x00007f03196fed40, RBP=0x00007f03196fed50, RSI=0x0000000000000000, RDI=0x00007f03380256c8
R8 =0x00007f03380407e0, R9 =0x0000000000000000, R10=0x0000000000000000, R11=0x0000000000000246
R12=0x00007f033839f810, R13=0x0000000000000001, R14=0x0000000000000002, R15=0x00007f033dd28ba0
RIP=0x00007f033d658f8e, EFLAGS=0x0000000000010206, CSGSFS=0x002b000000000033, ERR=0x0000000000000007
  TRAPNO=0x000000000000000e

Top of Stack: (sp=0x00007f03196fed40)
0x00007f03196fed40:   00007f03196fed70 0000000000000003
0x00007f03196fed50:   00007f03196fed70 00007f033d7a1012
0x00007f03196fed60:   0000000000000032 0000000000000032
0x00007f03196fed70:   00007f03196fedc0 00007f033d8272dc 

Instructions: (pc=0x00007f033d658f8e)
0x00007f033d658e8e:   83 c4 08 5b 41 5c 41 5d 41 5e 41 5f 5d c3 0f 1f
0x00007f033d658e9e:   40 00 31 f6 4c 89 e7 e8 06 dd 20 00 e9 80 ff ff
0x00007f033d658eae:   ff 90 31 f6 4c 89 e7 e8 f6 dc 20 00 e9 0f ff ff
0x00007f033d658ebe:   ff 90 31 f6 4c 89 e7 e8 e6 dc 20 00 e9 96 fe ff
0x00007f033d658ece:   ff 90 be 01 00 00 00 4c 89 e7 e8 23 15 07 00 e9
0x00007f033d658ede:   63 fe ff ff 66 0f 1f 44 00 00 be 01 00 00 00 4c
0x00007f033d658eee:   89 e7 e8 0b 15 07 00 e9 19 ff ff ff 66 0f 1f 44
0x00007f033d658efe:   00 00 48 8d 05 41 34 66 00 48 8d 0d 86 33 3a 00
0x00007f033d658f0e:   48 8d 15 95 33 3a 00 be 44 01 00 00 48 8d 3d 77
0x00007f033d658f1e:   32 3a 00 48 8b 00 c6 00 58 31 c0 e8 c2 fb 9a ff
0x00007f033d658f2e:   e8 7d c5 fb ff e9 ba fe ff ff 0f 1f 84 00 00 00
0x00007f033d658f3e:   00 00 be 01 00 00 00 4c 89 e7 e8 b3 14 07 00 e9
0x00007f033d658f4e:   50 fe ff ff 66 0f 1f 44 00 00 4c 89 e7 45 31 e4
0x00007f033d658f5e:   e8 2d 86 20 00 e9 bc fd ff ff 0f 1f 84 00 00 00
0x00007f033d658f6e:   00 00 4c 8b 47 38 4d 85 c0 74 27 55 48 89 e5 53
0x00007f033d658f7e:   48 83 ec 08 49 8b 00 48 8b 5f 28 4c 89 c7 ff 10
0x00007f033d658f8e:   48 89 03 48 8b 5d f8 c9 c3 66 0f 1f 84 00 00 00
0x00007f033d658f9e:   00 00 c3 90 66 66 2e 0f 1f 84 00 00 00 00 00 0f
0x00007f033d658fae:   1f 00 49 89 f8 48 89 f7 48 63 f2 49 8b 40 28 48
0x00007f033d658fbe:   8d 15 15 2f 3b 00 48 8b 08 31 c0 e9 62 90 5f ff
0x00007f033d658fce:   66 90 49 89 f8 31 c0 48 89 f7 48 63 f2 49 8b 48
0x00007f033d658fde:   28 48 8d 15 98 23 36 00 e9 45 90 5f ff 90 0f 1f
0x00007f033d658fee:   40 00 55 48 8d 05 78 9e 65 00 66 41 0f 6e c0 66
0x00007f033d658ffe:   0f 6e c9 66 0f 62 c1 48 89 e5 41 57 49 89 d7 41
0x00007f033d65900e:   56 41 55 4c 63 ee 41 54 53 48 89 fb 48 83 ec 18
0x00007f033d65901e:   48 89 07 48 8d 05 98 7d 67 00 48 c7 47 08 00 00
0x00007f033d65902e:   00 00 4e 8b 34 e8 c6 47 18 00 48 c7 47 28 00 00
0x00007f033d65903e:   00 00 66 0f d6 47 10 48 89 d7 e8 d3 93 5f ff 4c
0x00007f033d65904e:   89 f7 48 89 45 c8 e8 c7 93 5f ff 48 8b 55 c8 be
0x00007f033d65905e:   08 00 00 00 48 8d 7c 02 02 31 d2 e8 62 e1 76 ff
0x00007f033d65906e:   48 89 43 08 48 89 c7 41 83 fd 18 74 55 4c 89 f2
0x00007f033d65907e:   4c 89 f9 48 8d 35 40 d7 38 00 31 c0 e8 31 9d 5f 


Stack slot to memory mapping:
stack at sp + 0 slots: 0x00007f03196fed70 points into unknown readable memory: 0x00007f03196fedc0 | c0 ed 6f 19 03 7f 00 00
stack at sp + 1 slots: 0x0000000000000003 is an unknown value
stack at sp + 2 slots: 0x00007f03196fed70 points into unknown readable memory: 0x00007f03196fedc0 | c0 ed 6f 19 03 7f 00 00
stack at sp + 3 slots: 0x00007f033d7a1012: <offset 0x0000000000da1012> in /home/kgaft/.vscode-oss/extensions/redhat.java-1.21.0-linux-x64/jre/17.0.7-linux-x86_64/lib/server/libjvm.so at 0x00007f033ca00000
stack at sp + 4 slots: 0x0000000000000032 is an unknown value
stack at sp + 5 slots: 0x0000000000000032 is an unknown value
stack at sp + 6 slots: 0x00007f03196fedc0 points into unknown readable memory: 0x00007f03196fee40 | 40 ee 6f 19 03 7f 00 00
stack at sp + 7 slots: 0x00007f033d8272dc: <offset 0x0000000000e272dc> in /home/kgaft/.vscode-oss/extensions/redhat.java-1.21.0-linux-x64/jre/17.0.7-linux-x86_64/lib/server/libjvm.so at 0x00007f033ca00000


---------------  P R O C E S S  ---------------

Threads class SMR info:
_java_thread_list=0x00007f0304000c40, length=42, elements={
0x00007f0338028140, 0x00007f03381e6800, 0x00007f03381e7d70, 0x00007f033820ef90,
0x00007f0338212880, 0x00007f03382137f0, 0x00007f0338214e40, 0x00007f03382162f0,
0x00007f033821f720, 0x00007f03382a5380, 0x00007f03383962e0, 0x00007f03384c3ac0,
0x00007f03385ce950, 0x00007f0338625650, 0x00007f0338628590, 0x00007f02c0033950,
0x00007f02c0276e20, 0x00007f02c03055f0, 0x00007f02c0311e20, 0x00007f02c0839390,
0x00007f02b0007be0, 0x00007f029c000ff0, 0x00007f03386a3ec0, 0x00007f0338746e80,
0x00007f0338748850, 0x00007f02900ac200, 0x00007f029008f400, 0x00007f0288006b40,
0x00007f028800a160, 0x00007f027c001940, 0x00007f027c002e00, 0x00007f027c0041c0,
0x00007f027c005690, 0x00007f0278000ff0, 0x00007f0274000ff0, 0x00007f02900adfd0,
0x00007f02900aee80, 0x00007f0248001910, 0x00007f0250001320, 0x00007f025400bdd0,
0x00007f02b0899cf0, 0x00007f0304000eb0
}

Java Threads: ( => current thread )
  0x00007f0338028140 JavaThread "main" [_thread_blocked, id=17907, stack(0x00007f033c823000,0x00007f033c923000)]
  0x00007f03381e6800 JavaThread "Reference Handler" daemon [_thread_blocked, id=17911, stack(0x00007f031a3e4000,0x00007f031a4e4000)]
  0x00007f03381e7d70 JavaThread "Finalizer" daemon [_thread_blocked, id=17912, stack(0x00007f031a2e4000,0x00007f031a3e4000)]
  0x00007f033820ef90 JavaThread "Signal Dispatcher" daemon [_thread_blocked, id=17913, stack(0x00007f031a1e4000,0x00007f031a2e4000)]
  0x00007f0338212880 JavaThread "Service Thread" daemon [_thread_blocked, id=17914, stack(0x00007f0319d00000,0x00007f0319e00000)]
  0x00007f03382137f0 JavaThread "Monitor Deflation Thread" daemon [_thread_blocked, id=17915, stack(0x00007f0319c00000,0x00007f0319d00000)]
  0x00007f0338214e40 JavaThread "C2 CompilerThread0" daemon [_thread_blocked, id=17916, stack(0x00007f0319b00000,0x00007f0319c00000)]
  0x00007f03382162f0 JavaThread "C1 CompilerThread0" daemon [_thread_blocked, id=17917, stack(0x00007f0319a00000,0x00007f0319b00000)]
  0x00007f033821f720 JavaThread "Sweeper thread" daemon [_thread_blocked, id=17918, stack(0x00007f0319900000,0x00007f0319a00000)]
  0x00007f03382a5380 JavaThread "Common-Cleaner" daemon [_thread_blocked, id=17919, stack(0x00007f0319800000,0x00007f0319900000)]
  0x00007f03383962e0 JavaThread "Notification Thread" daemon [_thread_blocked, id=17923, stack(0x00007f0319700000,0x00007f0319800000)]
  0x00007f03384c3ac0 JavaThread "process reaper" daemon [_thread_blocked, id=17930, stack(0x00007f033c0a5000,0x00007f033c0c7000)]
  0x00007f03385ce950 JavaThread "Active Thread: Equinox Container: 45cba4dd-e458-43c5-ae9a-46024002d38f" [_thread_blocked, id=17944, stack(0x00007f0318df2000,0x00007f0318ef2000)]
  0x00007f0338625650 JavaThread "Framework Event Dispatcher: Equinox Container: 45cba4dd-e458-43c5-ae9a-46024002d38f" daemon [_thread_blocked, id=17948, stack(0x00007f0318cf2000,0x00007f0318df2000)]
  0x00007f0338628590 JavaThread "Start Level: Equinox Container: 45cba4dd-e458-43c5-ae9a-46024002d38f" daemon [_thread_blocked, id=17949, stack(0x00007f0318bf2000,0x00007f0318cf2000)]
  0x00007f02c0033950 JavaThread "SCR Component Actor" daemon [_thread_blocked, id=17950, stack(0x00007f0318af2000,0x00007f0318bf2000)]
  0x00007f02c0276e20 JavaThread "Worker-JM" [_thread_blocked, id=17957, stack(0x00007f03194fe000,0x00007f03195fe000)]
  0x00007f02c03055f0 JavaThread "Worker-0" [_thread_blocked, id=17960, stack(0x00007f03184fe000,0x00007f03185fe000)]
  0x00007f02c0311e20 JavaThread "Worker-1" [_thread_blocked, id=17961, stack(0x00007f03183fe000,0x00007f03184fe000)]
  0x00007f02c0839390 JavaThread "Java indexing" daemon [_thread_blocked, id=17964, stack(0x00007f03182fe000,0x00007f03183fe000)]
  0x00007f02b0007be0 JavaThread "Worker-2: Java indexing... " [_thread_blocked, id=17965, stack(0x00007f0318107000,0x00007f0318207000)]
  0x00007f029c000ff0 JavaThread "Worker-3" [_thread_blocked, id=17966, stack(0x00007f0318007000,0x00007f0318107000)]
  0x00007f03386a3ec0 JavaThread "pool-2-thread-1" [_thread_blocked, id=17967, stack(0x00007f029be04000,0x00007f029bf04000)]
  0x00007f0338746e80 JavaThread "WorkspaceEventsHandler" [_thread_blocked, id=17968, stack(0x00007f029bd04000,0x00007f029be04000)]
  0x00007f0338748850 JavaThread "pool-1-thread-1" [_thread_in_native, id=17969, stack(0x00007f029bc04000,0x00007f029bd04000)]
  0x00007f02900ac200 JavaThread "Bundle File Closer" daemon [_thread_blocked, id=17976, stack(0x00007f029bb04000,0x00007f029bc04000)]
  0x00007f029008f400 JavaThread "Refresh Thread: Equinox Container: 45cba4dd-e458-43c5-ae9a-46024002d38f" daemon [_thread_blocked, id=17977, stack(0x00007f029ba04000,0x00007f029bb04000)]
  0x00007f0288006b40 JavaThread "Equinox resolver thread - Equinox Container: 45cba4dd-e458-43c5-ae9a-46024002d38f" daemon [_thread_blocked, id=17978, stack(0x00007f029b904000,0x00007f029ba04000)]
  0x00007f028800a160 JavaThread "Equinox resolver thread - Equinox Container: 45cba4dd-e458-43c5-ae9a-46024002d38f" daemon [_thread_blocked, id=17979, stack(0x00007f029b804000,0x00007f029b904000)]
  0x00007f027c001940 JavaThread "Equinox resolver thread - Equinox Container: 45cba4dd-e458-43c5-ae9a-46024002d38f" daemon [_thread_blocked, id=17980, stack(0x00007f029b704000,0x00007f029b804000)]
  0x00007f027c002e00 JavaThread "Equinox resolver thread - Equinox Container: 45cba4dd-e458-43c5-ae9a-46024002d38f" daemon [_thread_blocked, id=17981, stack(0x00007f029b604000,0x00007f029b704000)]
  0x00007f027c0041c0 JavaThread "Equinox resolver thread - Equinox Container: 45cba4dd-e458-43c5-ae9a-46024002d38f" daemon [_thread_blocked, id=17982, stack(0x00007f029b504000,0x00007f029b604000)]
  0x00007f027c005690 JavaThread "Equinox resolver thread - Equinox Container: 45cba4dd-e458-43c5-ae9a-46024002d38f" daemon [_thread_blocked, id=17983, stack(0x00007f029b404000,0x00007f029b504000)]
  0x00007f0278000ff0 JavaThread "Equinox resolver thread - Equinox Container: 45cba4dd-e458-43c5-ae9a-46024002d38f" daemon [_thread_blocked, id=17984, stack(0x00007f029b304000,0x00007f029b404000)]
  0x00007f0274000ff0 JavaThread "Equinox resolver thread - Equinox Container: 45cba4dd-e458-43c5-ae9a-46024002d38f" daemon [_thread_blocked, id=17985, stack(0x00007f029b204000,0x00007f029b304000)]
  0x00007f02900adfd0 JavaThread "ForkJoinPool.commonPool-worker-1" daemon [_thread_blocked, id=18005, stack(0x00007f029ae04000,0x00007f029af04000)]
  0x00007f02900aee80 JavaThread "ForkJoinPool.commonPool-worker-2" daemon [_thread_blocked, id=18007, stack(0x00007f029ad04000,0x00007f029ae04000)]
  0x00007f0248001910 JavaThread "ForkJoinPool.commonPool-worker-3" daemon [_thread_blocked, id=18009, stack(0x00007f029b004000,0x00007f029b104000)]
  0x00007f0250001320 JavaThread "ForkJoinPool.commonPool-worker-4" daemon [_thread_blocked, id=18012, stack(0x00007f029af04000,0x00007f029b004000)]
  0x00007f025400bdd0 JavaThread "ForkJoinPool.commonPool-worker-5" daemon [_thread_blocked, id=18014, stack(0x00007f029b104000,0x00007f029b204000)]
  0x00007f02b0899cf0 JavaThread "Worker-4" [_thread_blocked, id=18049, stack(0x00007f029a604000,0x00007f029a704000)]
  0x00007f0304000eb0 JavaThread "Attach Listener" daemon [_thread_blocked, id=18074, stack(0x00007f03185fe000,0x00007f03186fe000)]

Other Threads:
  0x00007f03381d6680 VMThread "VM Thread" [stack: 0x00007f031a4e6000,0x00007f031a5e6000] [id=17910]
=>0x00007f0338071660 WatcherThread [stack: 0x00007f0319600000,0x00007f0319700000] [id=17924]
  0x00007f033803f160 GCTaskThread "GC Thread#0" [stack: 0x00007f033c34c000,0x00007f033c44c000] [id=17908]
  0x00007f0314001230 GCTaskThread "GC Thread#1" [stack: 0x00007f03193fe000,0x00007f03194fe000] [id=17937]
  0x00007f03140030a0 GCTaskThread "GC Thread#2" [stack: 0x00007f03192fc000,0x00007f03193fc000] [id=17938]
  0x00007f0314003a50 GCTaskThread "GC Thread#3" [stack: 0x00007f03191fa000,0x00007f03192fa000] [id=17939]
  0x00007f0314004400 GCTaskThread "GC Thread#4" [stack: 0x00007f03190f8000,0x00007f03191f8000] [id=17940]
  0x00007f0314004dd0 GCTaskThread "GC Thread#5" [stack: 0x00007f0318ff6000,0x00007f03190f6000] [id=17941]
  0x00007f03140057c0 GCTaskThread "GC Thread#6" [stack: 0x00007f0318ef4000,0x00007f0318ff4000] [id=17942]
  0x00007f0314006660 GCTaskThread "GC Thread#7" [stack: 0x00007f0318700000,0x00007f0318800000] [id=17953]

Threads with active compile tasks:
C2 CompilerThread0    11928 9216 %     4       java.util.zip.ZipFile$Source::initCEN @ 240 (591 bytes)

VM state: not at safepoint (normal execution)

VM Mutex/Monitor currently owned by a thread:  ([mutex/lock_event])
[0x00007f0338025e60] Compile_lock - owner thread: 0x0000000000000000
[0x00007f0338026330] PeriodicTask_lock - owner thread: 0x00007f0338071660

Heap address: 0x00000000c0000000, size: 1024 MB, Compressed Oops mode: 32-bit

CDS archive(s) not mapped
Compressed class space mapped at: 0x0000000100000000-0x0000000140000000, reserved size: 1073741824
Narrow klass base: 0x0000000000000000, Narrow klass shift: 3, Narrow klass range: 0x140000000

GC Precious Log:
 CPUs: 8 total, 8 available
 Memory: 15840M
 Large Page Support: Disabled
 NUMA Support: Disabled
 Compressed Oops: Enabled (32-bit)
 Alignments: Space 512K, Generation 512K, Heap 2M
 Heap Min Capacity: 100M
 Heap Initial Capacity: 100M
 Heap Max Capacity: 1G
 Pre-touch: Disabled
 Parallel Workers: 8

Heap:
 PSYoungGen      total 145408K, used 15890K [0x00000000eab00000, 0x00000000f8a80000, 0x0000000100000000)
  eden space 67072K, 23% used [0x00000000eab00000,0x00000000eba84b30,0x00000000eec80000)
  from space 78336K, 0% used [0x00000000f3900000,0x00000000f3900000,0x00000000f8580000)
  to   space 78336K, 0% used [0x00000000eec80000,0x00000000eec80000,0x00000000f3900000)
 ParOldGen       total 538624K, used 423813K [0x00000000c0000000, 0x00000000e0e00000, 0x00000000eab00000)
  object space 538624K, 78% used [0x00000000c0000000,0x00000000d9de15e0,0x00000000e0e00000)
 Metaspace       used 66041K, committed 67136K, reserved 1114112K
  class space    used 7159K, committed 7616K, reserved 1048576K

Card table byte_map: [0x00007f033c44c000,0x00007f033c64d000] _byte_map_base: 0x00007f033be4c000

Marking Bits: (ParMarkBitMap*) 0x00007f033dd1eb00
 Begin Bits: [0x00007f0324200000, 0x00007f0325200000)
 End Bits:   [0x00007f0325200000, 0x00007f0326200000)

Polling page: 0x00007f033e01a000

Metaspace:

Usage:
  Non-class:     57.50 MB used.
      Class:      6.99 MB used.
       Both:     64.49 MB used.

Virtual space:
  Non-class space:       64.00 MB reserved,      58.12 MB ( 91%) committed,  1 nodes.
      Class space:        1.00 GB reserved,       7.44 MB ( <1%) committed,  1 nodes.
             Both:        1.06 GB reserved,      65.56 MB (  6%) committed. 

Chunk freelists:
   Non-Class:  5.11 MB
       Class:  8.50 MB
        Both:  13.61 MB

MaxMetaspaceSize: unlimited
CompressedClassSpaceSize: 1.00 GB
Initial GC threshold: 21.00 MB
Current GC threshold: 109.19 MB
CDS: off
MetaspaceReclaimPolicy: balanced
 - commit_granule_bytes: 65536.
 - commit_granule_words: 8192.
 - virtual_space_node_default_size: 8388608.
 - enlarge_chunks_in_place: 1.
 - new_chunks_are_fully_committed: 0.
 - uncommit_free_chunks: 1.
 - use_allocation_guard: 0.
 - handle_deallocations: 1.


Internal statistics:

num_allocs_failed_limit: 13.
num_arena_births: 786.
num_arena_deaths: 22.
num_vsnodes_births: 2.
num_vsnodes_deaths: 0.
num_space_committed: 1049.
num_space_uncommitted: 0.
num_chunks_returned_to_freelist: 38.
num_chunks_taken_from_freelist: 3358.
num_chunk_merges: 17.
num_chunk_splits: 2169.
num_chunks_enlarged: 1349.
num_inconsistent_stats: 0.

CodeHeap 'non-profiled nmethods': size=120028Kb used=3863Kb max_used=3863Kb free=116164Kb
 bounds [0x00007f032dcc9000, 0x00007f032e099000, 0x00007f0335200000]
CodeHeap 'profiled nmethods': size=120028Kb used=13518Kb max_used=16009Kb free=106509Kb
 bounds [0x00007f0326200000, 0x00007f03271b0000, 0x00007f032d737000]
CodeHeap 'non-nmethods': size=5704Kb used=1337Kb max_used=1410Kb free=4366Kb
 bounds [0x00007f032d737000, 0x00007f032d9a7000, 0x00007f032dcc9000]
 total_blobs=8140 nmethods=7460 adapters=595
 compilation: enabled
              stopped_count=0, restarted_count=0
 full_count=0

Compilation events (20 events):
Event: 11.631 Thread 0x00007f03382162f0 nmethod 9203 0x00007f0326246c90 code [0x00007f0326246e40, 0x00007f0326246fe0]
Event: 11.636 Thread 0x00007f0338214e40 nmethod 9202 0x00007f032e085b10 code [0x00007f032e085ca0, 0x00007f032e0863f8]
Event: 11.636 Thread 0x00007f0338214e40 9204       4       org.eclipse.jdt.internal.core.index.DiskIndex::writeStreamChars (220 bytes)
Event: 11.645 Thread 0x00007f0338214e40 nmethod 9204 0x00007f032e086590 code [0x00007f032e086740, 0x00007f032e087118]
Event: 11.645 Thread 0x00007f0338214e40 9205 %     4       org.eclipse.jdt.internal.core.index.DiskIndex::writeCategoryTable @ 154 (252 bytes)
Event: 11.662 Thread 0x00007f0338214e40 nmethod 9205% 0x00007f032e087590 code [0x00007f032e0877a0, 0x00007f032e0888b0]
Event: 11.662 Thread 0x00007f0338214e40 9206       4       org.eclipse.jdt.internal.core.index.DiskIndex::writeCategoryTable (252 bytes)
Event: 11.680 Thread 0x00007f0338214e40 nmethod 9206 0x00007f032e089210 code [0x00007f032e089480, 0x00007f032e08aab0]
Event: 11.685 Thread 0x00007f03382162f0 9207       3       org.eclipse.jdt.internal.core.index.DiskIndex::writeCategoryTable (252 bytes)
Event: 11.686 Thread 0x00007f03382162f0 nmethod 9207 0x00007f03267c8f90 code [0x00007f03267c9280, 0x00007f03267ca550]
Event: 11.686 Thread 0x00007f03382162f0 9208 %     3       org.eclipse.jdt.internal.core.index.DiskIndex::writeCategoryTable @ 154 (252 bytes)
Event: 11.687 Thread 0x00007f03382162f0 nmethod 9208% 0x00007f0326699990 code [0x00007f0326699c80, 0x00007f032669b150]
Event: 11.687 Thread 0x00007f03382162f0 9209       3       org.eclipse.jdt.internal.core.index.DiskIndex::writeStreamChars (220 bytes)
Event: 11.687 Thread 0x00007f03382162f0 nmethod 9209 0x00007f0326f21710 code [0x00007f0326f21920, 0x00007f0326f21ec0]
Event: 11.689 Thread 0x00007f0338214e40 9210       4       org.eclipse.jdt.internal.core.index.DiskIndex::writeStreamChars (220 bytes)
Event: 11.701 Thread 0x00007f0338214e40 nmethod 9210 0x00007f032e08b710 code [0x00007f032e08b8e0, 0x00007f032e08c3f0]
Event: 11.754 Thread 0x00007f0338214e40 9211 %     4       org.eclipse.jdt.internal.core.index.DiskIndex::writeCategoryTable @ 154 (252 bytes)
Event: 11.770 Thread 0x00007f0338214e40 nmethod 9211% 0x00007f032e08c910 code [0x00007f032e08cb00, 0x00007f032e08d0c0]
Event: 11.770 Thread 0x00007f0338214e40 9212 %     4       org.eclipse.jdt.internal.core.index.DiskIndex::writeCategoryTable @ 22 (252 bytes)
Event: 11.787 Thread 0x00007f0338214e40 nmethod 9212% 0x00007f032e08d510 code [0x00007f032e08d760, 0x00007f032e08e3a0]

GC Heap History (20 events):
Event: 9.429 GC heap before
{Heap before GC invocations=169 (full 11):
 PSYoungGen      total 57344K, used 14111K [0x00000000eab00000, 0x00000000ef800000, 0x0000000100000000)
  eden space 43008K, 0% used [0x00000000eab00000,0x00000000eab00000,0x00000000ed500000)
  from space 14336K, 98% used [0x00000000eea00000,0x00000000ef7c7f38,0x00000000ef800000)
  to   space 16896K, 0% used [0x00000000ed700000,0x00000000ed700000,0x00000000ee780000)
 ParOldGen       total 287744K, used 285273K [0x00000000c0000000, 0x00000000d1900000, 0x00000000eab00000)
  object space 287744K, 99% used [0x00000000c0000000,0x00000000d1696690,0x00000000d1900000)
 Metaspace       used 65975K, committed 67072K, reserved 1114112K
  class space    used 7155K, committed 7616K, reserved 1048576K
}
Event: 9.579 GC heap after
{Heap after GC invocations=169 (full 11):
 PSYoungGen      total 60416K, used 9562K [0x00000000eab00000, 0x00000000ef900000, 0x0000000100000000)
  eden space 46080K, 0% used [0x00000000eab00000,0x00000000eab00000,0x00000000ed800000)
  from space 14336K, 66% used [0x00000000eea00000,0x00000000ef356bb8,0x00000000ef800000)
  to   space 16896K, 0% used [0x00000000ed800000,0x00000000ed800000,0x00000000ee880000)
 ParOldGen       total 350208K, used 287267K [0x00000000c0000000, 0x00000000d5600000, 0x00000000eab00000)
  object space 350208K, 82% used [0x00000000c0000000,0x00000000d1888e30,0x00000000d5600000)
 Metaspace       used 65975K, committed 67072K, reserved 1114112K
  class space    used 7155K, committed 7616K, reserved 1048576K
}
Event: 9.686 GC heap before
{Heap before GC invocations=170 (full 11):
 PSYoungGen      total 60416K, used 55642K [0x00000000eab00000, 0x00000000ef900000, 0x0000000100000000)
  eden space 46080K, 100% used [0x00000000eab00000,0x00000000ed800000,0x00000000ed800000)
  from space 14336K, 66% used [0x00000000eea00000,0x00000000ef356bb8,0x00000000ef800000)
  to   space 16896K, 0% used [0x00000000ed800000,0x00000000ed800000,0x00000000ee880000)
 ParOldGen       total 350208K, used 287267K [0x00000000c0000000, 0x00000000d5600000, 0x00000000eab00000)
  object space 350208K, 82% used [0x00000000c0000000,0x00000000d1888e30,0x00000000d5600000)
 Metaspace       used 65976K, committed 67072K, reserved 1114112K
  class space    used 7155K, committed 7616K, reserved 1048576K
}
Event: 9.699 GC heap after
{Heap after GC invocations=170 (full 11):
 PSYoungGen      total 62976K, used 16886K [0x00000000eab00000, 0x00000000f0400000, 0x0000000100000000)
  eden space 46080K, 0% used [0x00000000eab00000,0x00000000eab00000,0x00000000ed800000)
  from space 16896K, 99% used [0x00000000ed800000,0x00000000ee87d888,0x00000000ee880000)
  to   space 20992K, 0% used [0x00000000eef80000,0x00000000eef80000,0x00000000f0400000)
 ParOldGen       total 350208K, used 290015K [0x00000000c0000000, 0x00000000d5600000, 0x00000000eab00000)
  object space 350208K, 82% used [0x00000000c0000000,0x00000000d1b37e30,0x00000000d5600000)
 Metaspace       used 65976K, committed 67072K, reserved 1114112K
  class space    used 7155K, committed 7616K, reserved 1048576K
}
Event: 9.813 GC heap before
{Heap before GC invocations=171 (full 11):
 PSYoungGen      total 62976K, used 62966K [0x00000000eab00000, 0x00000000f0400000, 0x0000000100000000)
  eden space 46080K, 100% used [0x00000000eab00000,0x00000000ed800000,0x00000000ed800000)
  from space 16896K, 99% used [0x00000000ed800000,0x00000000ee87d888,0x00000000ee880000)
  to   space 20992K, 0% used [0x00000000eef80000,0x00000000eef80000,0x00000000f0400000)
 ParOldGen       total 350208K, used 290015K [0x00000000c0000000, 0x00000000d5600000, 0x00000000eab00000)
  object space 350208K, 82% used [0x00000000c0000000,0x00000000d1b37e30,0x00000000d5600000)
 Metaspace       used 65976K, committed 67072K, reserved 1114112K
  class space    used 7155K, committed 7616K, reserved 1048576K
}
Event: 9.822 GC heap after
{Heap after GC invocations=171 (full 11):
 PSYoungGen      total 67584K, used 18347K [0x00000000eab00000, 0x00000000f0180000, 0x0000000100000000)
  eden space 49152K, 0% used [0x00000000eab00000,0x00000000eab00000,0x00000000edb00000)
  from space 18432K, 99% used [0x00000000eef80000,0x00000000f016ae38,0x00000000f0180000)
  to   space 18944K, 0% used [0x00000000edc80000,0x00000000edc80000,0x00000000eef00000)
 ParOldGen       total 350208K, used 298645K [0x00000000c0000000, 0x00000000d5600000, 0x00000000eab00000)
  object space 350208K, 85% used [0x00000000c0000000,0x00000000d23a57a0,0x00000000d5600000)
 Metaspace       used 65976K, committed 67072K, reserved 1114112K
  class space    used 7155K, committed 7616K, reserved 1048576K
}
Event: 10.029 GC heap before
{Heap before GC invocations=172 (full 11):
 PSYoungGen      total 67584K, used 67499K [0x00000000eab00000, 0x00000000f0180000, 0x0000000100000000)
  eden space 49152K, 100% used [0x00000000eab00000,0x00000000edb00000,0x00000000edb00000)
  from space 18432K, 99% used [0x00000000eef80000,0x00000000f016ae38,0x00000000f0180000)
  to   space 18944K, 0% used [0x00000000edc80000,0x00000000edc80000,0x00000000eef00000)
 ParOldGen       total 350208K, used 298645K [0x00000000c0000000, 0x00000000d5600000, 0x00000000eab00000)
  object space 350208K, 85% used [0x00000000c0000000,0x00000000d23a57a0,0x00000000d5600000)
 Metaspace       used 65976K, committed 67072K, reserved 1114112K
  class space    used 7155K, committed 7616K, reserved 1048576K
}
Event: 10.039 GC heap after
{Heap after GC invocations=172 (full 11):
 PSYoungGen      total 69632K, used 18919K [0x00000000eab00000, 0x00000000f2600000, 0x0000000100000000)
  eden space 50688K, 0% used [0x00000000eab00000,0x00000000eab00000,0x00000000edc80000)
  from space 18944K, 99% used [0x00000000edc80000,0x00000000eeef9d10,0x00000000eef00000)
  to   space 36864K, 0% used [0x00000000f0200000,0x00000000f0200000,0x00000000f2600000)
 ParOldGen       total 350208K, used 313773K [0x00000000c0000000, 0x00000000d5600000, 0x00000000eab00000)
  object space 350208K, 89% used [0x00000000c0000000,0x00000000d326b448,0x00000000d5600000)
 Metaspace       used 65976K, committed 67072K, reserved 1114112K
  class space    used 7155K, committed 7616K, reserved 1048576K
}
Event: 10.128 GC heap before
{Heap before GC invocations=173 (full 11):
 PSYoungGen      total 69632K, used 69607K [0x00000000eab00000, 0x00000000f2600000, 0x0000000100000000)
  eden space 50688K, 100% used [0x00000000eab00000,0x00000000edc80000,0x00000000edc80000)
  from space 18944K, 99% used [0x00000000edc80000,0x00000000eeef9d10,0x00000000eef00000)
  to   space 36864K, 0% used [0x00000000f0200000,0x00000000f0200000,0x00000000f2600000)
 ParOldGen       total 350208K, used 313773K [0x00000000c0000000, 0x00000000d5600000, 0x00000000eab00000)
  object space 350208K, 89% used [0x00000000c0000000,0x00000000d326b448,0x00000000d5600000)
 Metaspace       used 65976K, committed 67072K, reserved 1114112K
  class space    used 7155K, committed 7616K, reserved 1048576K
}
Event: 10.139 GC heap after
{Heap after GC invocations=173 (full 11):
 PSYoungGen      total 76288K, used 21980K [0x00000000eab00000, 0x00000000f1780000, 0x0000000100000000)
  eden space 54272K, 0% used [0x00000000eab00000,0x00000000eab00000,0x00000000ee000000)
  from space 22016K, 99% used [0x00000000f0200000,0x00000000f17771c0,0x00000000f1780000)
  to   space 26624K, 0% used [0x00000000ee380000,0x00000000ee380000,0x00000000efd80000)
 ParOldGen       total 350208K, used 322353K [0x00000000c0000000, 0x00000000d5600000, 0x00000000eab00000)
  object space 350208K, 92% used [0x00000000c0000000,0x00000000d3acc638,0x00000000d5600000)
 Metaspace       used 65976K, committed 67072K, reserved 1114112K
  class space    used 7155K, committed 7616K, reserved 1048576K
}
Event: 10.170 GC heap before
{Heap before GC invocations=174 (full 11):
 PSYoungGen      total 76288K, used 76252K [0x00000000eab00000, 0x00000000f1780000, 0x0000000100000000)
  eden space 54272K, 100% used [0x00000000eab00000,0x00000000ee000000,0x00000000ee000000)
  from space 22016K, 99% used [0x00000000f0200000,0x00000000f17771c0,0x00000000f1780000)
  to   space 26624K, 0% used [0x00000000ee380000,0x00000000ee380000,0x00000000efd80000)
 ParOldGen       total 350208K, used 322353K [0x00000000c0000000, 0x00000000d5600000, 0x00000000eab00000)
  object space 350208K, 92% used [0x00000000c0000000,0x00000000d3acc638,0x00000000d5600000)
 Metaspace       used 65976K, committed 67072K, reserved 1114112K
  class space    used 7155K, committed 7616K, reserved 1048576K
}
Event: 10.179 GC heap after
{Heap after GC invocations=174 (full 11):
 PSYoungGen      total 84480K, used 26620K [0x00000000eab00000, 0x00000000f3c00000, 0x0000000100000000)
  eden space 57856K, 0% used [0x00000000eab00000,0x00000000eab00000,0x00000000ee380000)
  from space 26624K, 99% used [0x00000000ee380000,0x00000000efd7f318,0x00000000efd80000)
  to   space 44544K, 0% used [0x00000000f1080000,0x00000000f1080000,0x00000000f3c00000)
 ParOldGen       total 350208K, used 336645K [0x00000000c0000000, 0x00000000d5600000, 0x00000000eab00000)
  object space 350208K, 96% used [0x00000000c0000000,0x00000000d48c17b0,0x00000000d5600000)
 Metaspace       used 65976K, committed 67072K, reserved 1114112K
  class space    used 7155K, committed 7616K, reserved 1048576K
}
Event: 10.179 GC heap before
{Heap before GC invocations=175 (full 12):
 PSYoungGen      total 84480K, used 26620K [0x00000000eab00000, 0x00000000f3c00000, 0x0000000100000000)
  eden space 57856K, 0% used [0x00000000eab00000,0x00000000eab00000,0x00000000ee380000)
  from space 26624K, 99% used [0x00000000ee380000,0x00000000efd7f318,0x00000000efd80000)
  to   space 44544K, 0% used [0x00000000f1080000,0x00000000f1080000,0x00000000f3c00000)
 ParOldGen       total 350208K, used 336645K [0x00000000c0000000, 0x00000000d5600000, 0x00000000eab00000)
  object space 350208K, 96% used [0x00000000c0000000,0x00000000d48c17b0,0x00000000d5600000)
 Metaspace       used 65976K, committed 67072K, reserved 1114112K
  class space    used 7155K, committed 7616K, reserved 1048576K
}
Event: 10.309 GC heap after
{Heap after GC invocations=175 (full 12):
 PSYoungGen      total 84480K, used 7419K [0x00000000eab00000, 0x00000000f3f80000, 0x0000000100000000)
  eden space 57856K, 0% used [0x00000000eab00000,0x00000000eab00000,0x00000000ee380000)
  from space 26624K, 27% used [0x00000000ee380000,0x00000000eeabeeb0,0x00000000efd80000)
  to   space 44544K, 0% used [0x00000000f1400000,0x00000000f1400000,0x00000000f3f80000)
 ParOldGen       total 427008K, used 350028K [0x00000000c0000000, 0x00000000da100000, 0x00000000eab00000)
  object space 427008K, 81% used [0x00000000c0000000,0x00000000d55d3198,0x00000000da100000)
 Metaspace       used 65976K, committed 67072K, reserved 1114112K
  class space    used 7155K, committed 7616K, reserved 1048576K
}
Event: 10.557 GC heap before
{Heap before GC invocations=176 (full 12):
 PSYoungGen      total 84480K, used 65275K [0x00000000eab00000, 0x00000000f3f80000, 0x0000000100000000)
  eden space 57856K, 100% used [0x00000000eab00000,0x00000000ee380000,0x00000000ee380000)
  from space 26624K, 27% used [0x00000000ee380000,0x00000000eeabeeb0,0x00000000efd80000)
  to   space 44544K, 0% used [0x00000000f1400000,0x00000000f1400000,0x00000000f3f80000)
 ParOldGen       total 427008K, used 350028K [0x00000000c0000000, 0x00000000da100000, 0x00000000eab00000)
  object space 427008K, 81% used [0x00000000c0000000,0x00000000d55d3198,0x00000000da100000)
 Metaspace       used 65994K, committed 67072K, reserved 1114112K
  class space    used 7156K, committed 7616K, reserved 1048576K
}
Event: 10.579 GC heap after
{Heap after GC invocations=176 (full 12):
 PSYoungGen      total 91136K, used 28659K [0x00000000eab00000, 0x00000000f3000000, 0x0000000100000000)
  eden space 62464K, 0% used [0x00000000eab00000,0x00000000eab00000,0x00000000ee800000)
  from space 28672K, 99% used [0x00000000f1400000,0x00000000f2ffcc20,0x00000000f3000000)
  to   space 33280K, 0% used [0x00000000eef00000,0x00000000eef00000,0x00000000f0f80000)
 ParOldGen       total 427008K, used 354140K [0x00000000c0000000, 0x00000000da100000, 0x00000000eab00000)
  object space 427008K, 82% used [0x00000000c0000000,0x00000000d59d70b0,0x00000000da100000)
 Metaspace       used 65994K, committed 67072K, reserved 1114112K
  class space    used 7156K, committed 7616K, reserved 1048576K
}
Event: 11.270 GC heap before
{Heap before GC invocations=177 (full 12):
 PSYoungGen      total 91136K, used 91123K [0x00000000eab00000, 0x00000000f3000000, 0x0000000100000000)
  eden space 62464K, 100% used [0x00000000eab00000,0x00000000ee800000,0x00000000ee800000)
  from space 28672K, 99% used [0x00000000f1400000,0x00000000f2ffcc20,0x00000000f3000000)
  to   space 33280K, 0% used [0x00000000eef00000,0x00000000eef00000,0x00000000f0f80000)
 ParOldGen       total 427008K, used 354140K [0x00000000c0000000, 0x00000000da100000, 0x00000000eab00000)
  object space 427008K, 82% used [0x00000000c0000000,0x00000000d59d70b0,0x00000000da100000)
 Metaspace       used 65994K, committed 67072K, reserved 1114112K
  class space    used 7156K, committed 7616K, reserved 1048576K
}
Event: 11.292 GC heap after
{Heap after GC invocations=177 (full 12):
 PSYoungGen      total 100352K, used 33260K [0x00000000eab00000, 0x00000000f8580000, 0x0000000100000000)
  eden space 67072K, 0% used [0x00000000eab00000,0x00000000eab00000,0x00000000eec80000)
  from space 33280K, 99% used [0x00000000eef00000,0x00000000f0f7b3b8,0x00000000f0f80000)
  to   space 78336K, 0% used [0x00000000f3900000,0x00000000f3900000,0x00000000f8580000)
 ParOldGen       total 427008K, used 391463K [0x00000000c0000000, 0x00000000da100000, 0x00000000eab00000)
  object space 427008K, 91% used [0x00000000c0000000,0x00000000d7e49c60,0x00000000da100000)
 Metaspace       used 65994K, committed 67072K, reserved 1114112K
  class space    used 7156K, committed 7616K, reserved 1048576K
}
Event: 11.292 GC heap before
{Heap before GC invocations=178 (full 13):
 PSYoungGen      total 100352K, used 33260K [0x00000000eab00000, 0x00000000f8580000, 0x0000000100000000)
  eden space 67072K, 0% used [0x00000000eab00000,0x00000000eab00000,0x00000000eec80000)
  from space 33280K, 99% used [0x00000000eef00000,0x00000000f0f7b3b8,0x00000000f0f80000)
  to   space 78336K, 0% used [0x00000000f3900000,0x00000000f3900000,0x00000000f8580000)
 ParOldGen       total 427008K, used 391463K [0x00000000c0000000, 0x00000000da100000, 0x00000000eab00000)
  object space 427008K, 91% used [0x00000000c0000000,0x00000000d7e49c60,0x00000000da100000)
 Metaspace       used 65994K, committed 67072K, reserved 1114112K
  class space    used 7156K, committed 7616K, reserved 1048576K
}
Event: 11.433 GC heap after
{Heap after GC invocations=178 (full 13):
 PSYoungGen      total 145408K, used 0K [0x00000000eab00000, 0x00000000f8a80000, 0x0000000100000000)
  eden space 67072K, 0% used [0x00000000eab00000,0x00000000eab00000,0x00000000eec80000)
  from space 78336K, 0% used [0x00000000f3900000,0x00000000f3900000,0x00000000f8580000)
  to   space 78336K, 0% used [0x00000000eec80000,0x00000000eec80000,0x00000000f3900000)
 ParOldGen       total 538624K, used 423813K [0x00000000c0000000, 0x00000000e0e00000, 0x00000000eab00000)
  object space 538624K, 78% used [0x00000000c0000000,0x00000000d9de15e0,0x00000000e0e00000)
 Metaspace       used 65994K, committed 67072K, reserved 1114112K
  class space    used 7156K, committed 7616K, reserved 1048576K
}

Dll operation events (11 events):
Event: 0.001 Loaded shared library /home/kgaft/.vscode-oss/extensions/redhat.java-1.21.0-linux-x64/jre/17.0.7-linux-x86_64/lib/libjava.so
Event: 0.098 Loaded shared library /home/kgaft/.vscode-oss/extensions/redhat.java-1.21.0-linux-x64/jre/17.0.7-linux-x86_64/lib/libzip.so
Event: 0.099 Loaded shared library /home/kgaft/.vscode-oss/extensions/redhat.java-1.21.0-linux-x64/jre/17.0.7-linux-x86_64/lib/libinstrument.so
Event: 0.105 Loaded shared library /home/kgaft/.vscode-oss/extensions/redhat.java-1.21.0-linux-x64/jre/17.0.7-linux-x86_64/lib/libnio.so
Event: 0.112 Loaded shared library /home/kgaft/.vscode-oss/extensions/redhat.java-1.21.0-linux-x64/jre/17.0.7-linux-x86_64/lib/libzip.so
Event: 0.122 Loaded shared library /home/kgaft/.vscode-oss/extensions/redhat.java-1.21.0-linux-x64/jre/17.0.7-linux-x86_64/lib/libjimage.so
Event: 0.147 Loaded shared library /home/kgaft/.vscode-oss/extensions/redhat.java-1.21.0-linux-x64/jre/17.0.7-linux-x86_64/lib/libverify.so
Event: 0.548 Loaded shared library /home/kgaft/.vscode-oss/extensions/redhat.java-1.21.0-linux-x64/jre/17.0.7-linux-x86_64/lib/libnet.so
Event: 0.810 Loaded shared library /home/kgaft/.config/VSCodium/User/globalStorage/redhat.java/1.21.0/config_linux/org.eclipse.equinox.launcher/org.eclipse.equinox.launcher.gtk.linux.x86_64_1.2.700.v20221108-1024/eclipse_11801.so
Event: 1.216 Loaded shared library /home/kgaft/.vscode-oss/extensions/redhat.java-1.21.0-linux-x64/jre/17.0.7-linux-x86_64/lib/libmanagement.so
Event: 1.217 Loaded shared library /home/kgaft/.vscode-oss/extensions/redhat.java-1.21.0-linux-x64/jre/17.0.7-linux-x86_64/lib/libmanagement_ext.so

Deoptimization events (20 events):
Event: 11.635 Thread 0x00007f02c0839390 DEOPT PACKING pc=0x00007f032623c126 sp=0x00007f03183fc390
Event: 11.635 Thread 0x00007f02c0839390 DEOPT UNPACKING pc=0x00007f032d78db2f sp=0x00007f03183fb818 mode 0
Event: 11.636 Thread 0x00007f02c0839390 DEOPT PACKING pc=0x00007f032623c126 sp=0x00007f03183fc390
Event: 11.636 Thread 0x00007f02c0839390 DEOPT UNPACKING pc=0x00007f032d78db2f sp=0x00007f03183fb818 mode 0
Event: 11.662 Thread 0x00007f02c0839390 DEOPT PACKING pc=0x00007f03263f8b64 sp=0x00007f03183fc490
Event: 11.662 Thread 0x00007f02c0839390 DEOPT UNPACKING pc=0x00007f032d78db2f sp=0x00007f03183fb9b0 mode 0
Event: 11.685 Thread 0x00007f02c0839390 Uncommon trap: trap_request=0xffffff45 fr.pc=0x00007f032e08a590 relative=0x0000000000001110
Event: 11.685 Thread 0x00007f02c0839390 Uncommon trap: reason=unstable_if action=reinterpret pc=0x00007f032e08a590 method=org.eclipse.jdt.internal.core.index.DiskIndex.writeStreamChars(Ljava/io/FileOutputStream;[C)V @ 100 c2
Event: 11.685 Thread 0x00007f02c0839390 DEOPT PACKING pc=0x00007f032e08a590 sp=0x00007f03183fc4f0
Event: 11.685 Thread 0x00007f02c0839390 DEOPT UNPACKING pc=0x00007f032d78d399 sp=0x00007f03183fc420 mode 2
Event: 11.686 Thread 0x00007f02c0839390 Uncommon trap: trap_request=0xffffff45 fr.pc=0x00007f032e08831c relative=0x0000000000000b7c
Event: 11.686 Thread 0x00007f02c0839390 Uncommon trap: reason=unstable_if action=reinterpret pc=0x00007f032e08831c method=org.eclipse.jdt.internal.core.index.DiskIndex.writeStreamChars(Ljava/io/FileOutputStream;[C)V @ 100 c2
Event: 11.686 Thread 0x00007f02c0839390 DEOPT PACKING pc=0x00007f032e08831c sp=0x00007f03183fc4f0
Event: 11.686 Thread 0x00007f02c0839390 DEOPT UNPACKING pc=0x00007f032d78d399 sp=0x00007f03183fc420 mode 2
Event: 11.687 Thread 0x00007f02c0839390 Uncommon trap: trap_request=0xffffff45 fr.pc=0x00007f032e086e70 relative=0x0000000000000730
Event: 11.687 Thread 0x00007f02c0839390 Uncommon trap: reason=unstable_if action=reinterpret pc=0x00007f032e086e70 method=org.eclipse.jdt.internal.core.index.DiskIndex.writeStreamChars(Ljava/io/FileOutputStream;[C)V @ 100 c2
Event: 11.687 Thread 0x00007f02c0839390 DEOPT PACKING pc=0x00007f032e086e70 sp=0x00007f03183fc470
Event: 11.687 Thread 0x00007f02c0839390 DEOPT UNPACKING pc=0x00007f032d78d399 sp=0x00007f03183fc418 mode 2
Event: 11.778 Thread 0x00007f02c0839390 DEOPT PACKING pc=0x00007f03267ca3e4 sp=0x00007f03183fc490
Event: 11.778 Thread 0x00007f02c0839390 DEOPT UNPACKING pc=0x00007f032d78db2f sp=0x00007f03183fb9b0 mode 0

Classes unloaded (11 events):
Event: 1.295 Thread 0x00007f03381d6680 Unloading class 0x0000000100244000 'java/lang/invoke/LambdaForm$MH+0x0000000100244000'
Event: 1.295 Thread 0x00007f03381d6680 Unloading class 0x0000000100243c00 'java/lang/invoke/LambdaForm$MH+0x0000000100243c00'
Event: 1.295 Thread 0x00007f03381d6680 Unloading class 0x0000000100243800 'java/lang/invoke/LambdaForm$MH+0x0000000100243800'
Event: 1.295 Thread 0x00007f03381d6680 Unloading class 0x0000000100243400 'java/lang/invoke/LambdaForm$MH+0x0000000100243400'
Event: 1.295 Thread 0x00007f03381d6680 Unloading class 0x0000000100243000 'java/lang/invoke/LambdaForm$BMH+0x0000000100243000'
Event: 1.295 Thread 0x00007f03381d6680 Unloading class 0x0000000100242c00 'java/lang/invoke/LambdaForm$DMH+0x0000000100242c00'
Event: 1.295 Thread 0x00007f03381d6680 Unloading class 0x0000000100240000 'java/lang/invoke/LambdaForm$DMH+0x0000000100240000'
Event: 4.937 Thread 0x00007f03381d6680 Unloading class 0x0000000100625000 'java/lang/invoke/LambdaForm$DMH+0x0000000100625000'
Event: 4.937 Thread 0x00007f03381d6680 Unloading class 0x0000000100624c00 'java/lang/invoke/LambdaForm$DMH+0x0000000100624c00'
Event: 4.937 Thread 0x00007f03381d6680 Unloading class 0x0000000100624800 'java/lang/invoke/LambdaForm$DMH+0x0000000100624800'
Event: 4.937 Thread 0x00007f03381d6680 Unloading class 0x0000000100624400 'java/lang/invoke/LambdaForm$DMH+0x0000000100624400'

Classes redefined (0 events):
No events

Internal exceptions (20 events):
Event: 5.299 Thread 0x00007f02900adfd0 Exception <a 'sun/nio/fs/UnixException'{0x00000000eb019a50}> (0x00000000eb019a50) 
thrown [src/hotspot/share/prims/jni.cpp, line 516]
Event: 5.304 Thread 0x00007f02900adfd0 Exception <a 'sun/nio/fs/UnixException'{0x00000000eb020000}> (0x00000000eb020000) 
thrown [src/hotspot/share/prims/jni.cpp, line 516]
Event: 5.348 Thread 0x00007f02900adfd0 Exception <a 'sun/nio/fs/UnixException'{0x00000000eac8f648}> (0x00000000eac8f648) 
thrown [src/hotspot/share/prims/jni.cpp, line 516]
Event: 5.350 Thread 0x00007f02900adfd0 Exception <a 'sun/nio/fs/UnixException'{0x00000000eac957d8}> (0x00000000eac957d8) 
thrown [src/hotspot/share/prims/jni.cpp, line 516]
Event: 5.403 Thread 0x00007f02900adfd0 Exception <a 'sun/nio/fs/UnixException'{0x00000000ead63d28}> (0x00000000ead63d28) 
thrown [src/hotspot/share/prims/jni.cpp, line 516]
Event: 5.406 Thread 0x00007f02900adfd0 Exception <a 'sun/nio/fs/UnixException'{0x00000000ead6c048}> (0x00000000ead6c048) 
thrown [src/hotspot/share/prims/jni.cpp, line 516]
Event: 5.427 Thread 0x00007f02900adfd0 Exception <a 'sun/nio/fs/UnixException'{0x00000000eb325b80}> (0x00000000eb325b80) 
thrown [src/hotspot/share/prims/jni.cpp, line 516]
Event: 5.432 Thread 0x00007f02900adfd0 Exception <a 'sun/nio/fs/UnixException'{0x00000000eb346038}> (0x00000000eb346038) 
thrown [src/hotspot/share/prims/jni.cpp, line 516]
Event: 5.461 Thread 0x00007f02900adfd0 Exception <a 'sun/nio/fs/UnixException'{0x00000000eafeca08}> (0x00000000eafeca08) 
thrown [src/hotspot/share/prims/jni.cpp, line 516]
Event: 5.466 Thread 0x00007f02900adfd0 Exception <a 'sun/nio/fs/UnixException'{0x00000000eb144cf8}> (0x00000000eb144cf8) 
thrown [src/hotspot/share/prims/jni.cpp, line 516]
Event: 5.476 Thread 0x00007f02900adfd0 Exception <a 'sun/nio/fs/UnixException'{0x00000000eb4541c0}> (0x00000000eb4541c0) 
thrown [src/hotspot/share/prims/jni.cpp, line 516]
Event: 5.499 Thread 0x00007f02900adfd0 Exception <a 'sun/nio/fs/UnixException'{0x00000000eae4e448}> (0x00000000eae4e448) 
thrown [src/hotspot/share/prims/jni.cpp, line 516]
Event: 5.506 Thread 0x00007f02900adfd0 Exception <a 'sun/nio/fs/UnixException'{0x00000000eb084b90}> (0x00000000eb084b90) 
thrown [src/hotspot/share/prims/jni.cpp, line 516]
Event: 5.506 Thread 0x00007f02c0839390 Implicit null exception at 0x00007f032de9e34f to 0x00007f032de9e460
Event: 5.512 Thread 0x00007f02900adfd0 Exception <a 'sun/nio/fs/UnixException'{0x00000000eb238ba0}> (0x00000000eb238ba0) 
thrown [src/hotspot/share/prims/jni.cpp, line 516]
Event: 5.513 Thread 0x00007f02900adfd0 Exception <a 'sun/nio/fs/UnixException'{0x00000000eb23e598}> (0x00000000eb23e598) 
thrown [src/hotspot/share/prims/jni.cpp, line 516]
Event: 5.532 Thread 0x00007f02900adfd0 Exception <a 'sun/nio/fs/UnixException'{0x00000000eb61c400}> (0x00000000eb61c400) 
thrown [src/hotspot/share/prims/jni.cpp, line 516]
Event: 5.538 Thread 0x00007f02900adfd0 Exception <a 'sun/nio/fs/UnixException'{0x00000000eab6f2d0}> (0x00000000eab6f2d0) 
thrown [src/hotspot/share/prims/jni.cpp, line 516]
Event: 5.542 Thread 0x00007f02900adfd0 Exception <a 'java/lang/NoSuchMethodError'{0x00000000eacb08c0}: 'java.lang.Object java.lang.invoke.DirectMethodHandle$Holder.newInvokeSpecial(java.lang.Object, java.lang.Object, int, java.lang.Object, java.lang.Object)'> (0x00000000eacb08c0) 
thrown [src/hotspot/share/interpreter/linkResolver.cpp, line 758]
Event: 7.655 Thread 0x00007f02c0839390 Implicit null exception at 0x00007f032dfdc674 to 0x00007f032dfe0b24

VM Operations (20 events):
Event: 9.220 Executing VM operation: ParallelGCFailedAllocation
Event: 9.227 Executing VM operation: ParallelGCFailedAllocation done
Event: 9.317 Executing VM operation: ParallelGCFailedAllocation
Event: 9.325 Executing VM operation: ParallelGCFailedAllocation done
Event: 9.423 Executing VM operation: ParallelGCFailedAllocation
Event: 9.579 Executing VM operation: ParallelGCFailedAllocation done
Event: 9.686 Executing VM operation: ParallelGCFailedAllocation
Event: 9.699 Executing VM operation: ParallelGCFailedAllocation done
Event: 9.813 Executing VM operation: ParallelGCFailedAllocation
Event: 9.822 Executing VM operation: ParallelGCFailedAllocation done
Event: 10.029 Executing VM operation: ParallelGCFailedAllocation
Event: 10.039 Executing VM operation: ParallelGCFailedAllocation done
Event: 10.128 Executing VM operation: ParallelGCFailedAllocation
Event: 10.139 Executing VM operation: ParallelGCFailedAllocation done
Event: 10.170 Executing VM operation: ParallelGCFailedAllocation
Event: 10.309 Executing VM operation: ParallelGCFailedAllocation done
Event: 10.557 Executing VM operation: ParallelGCFailedAllocation
Event: 10.579 Executing VM operation: ParallelGCFailedAllocation done
Event: 11.270 Executing VM operation: ParallelGCFailedAllocation
Event: 11.433 Executing VM operation: ParallelGCFailedAllocation done

Events (20 events):
Event: 8.813 Thread 0x00007f033821f720 flushing nmethod 0x00007f0327093010
Event: 8.813 Thread 0x00007f033821f720 flushing nmethod 0x00007f03270a7510
Event: 8.813 Thread 0x00007f033821f720 flushing nmethod 0x00007f03270a9190
Event: 8.813 Thread 0x00007f033821f720 flushing nmethod 0x00007f03270e8390
Event: 8.813 Thread 0x00007f033821f720 flushing nmethod 0x00007f03270ff210
Event: 8.813 Thread 0x00007f033821f720 flushing nmethod 0x00007f0327131c90
Event: 8.813 Thread 0x00007f033821f720 flushing nmethod 0x00007f0327163690
Event: 8.813 Thread 0x00007f033821f720 flushing nmethod 0x00007f0327163d10
Event: 8.813 Thread 0x00007f033821f720 flushing nmethod 0x00007f0327165010
Event: 8.813 Thread 0x00007f033821f720 flushing nmethod 0x00007f032716ab90
Event: 8.813 Thread 0x00007f033821f720 flushing nmethod 0x00007f032716e890
Event: 8.813 Thread 0x00007f033821f720 flushing nmethod 0x00007f0327172490
Event: 8.813 Thread 0x00007f033821f720 flushing nmethod 0x00007f0327173c90
Event: 8.813 Thread 0x00007f033821f720 flushing nmethod 0x00007f0327176610
Event: 8.813 Thread 0x00007f033821f720 flushing nmethod 0x00007f0327177e10
Event: 8.813 Thread 0x00007f033821f720 flushing nmethod 0x00007f0327178510
Event: 8.813 Thread 0x00007f033821f720 flushing nmethod 0x00007f0327192590
Event: 9.623 Thread 0x00007f02c00b9690 Thread exited: 0x00007f02c00b9690
Event: 9.979 Thread 0x00007f0304000eb0 Thread added: 0x00007f0304000eb0
Event: 9.979 Protecting memory [0x00007f03185fe000,0x00007f0318602000] with protection modes 0


Dynamic libraries:
c0000000-e0e00000 rw-p 00000000 00:00 0 
e0e00000-eab00000 ---p 00000000 00:00 0 
eab00000-f8a80000 rw-p 00000000 00:00 0 
f8a80000-100000000 ---p 00000000 00:00 0 
100000000-100010000 rw-p 00000000 00:00 0 
100010000-100030000 rw-p 00000000 00:00 0 
100030000-1000b0000 rw-p 00000000 00:00 0 
1000b0000-1000d0000 rw-p 00000000 00:00 0 
1000d0000-100130000 rw-p 00000000 00:00 0 
100130000-1001b0000 rw-p 00000000 00:00 0 
1001b0000-1001f0000 rw-p 00000000 00:00 0 
1001f0000-100330000 rw-p 00000000 00:00 0 
100330000-100370000 rw-p 00000000 00:00 0 
100370000-100570000 rw-p 00000000 00:00 0 
100570000-100580000 ---p 00000000 00:00 0 
100580000-100780000 rw-p 00000000 00:00 0 
100780000-140000000 ---p 00000000 00:00 0 
56090eb25000-56090eb26000 r--p 00000000 00:18 5033516                    /home/kgaft/.vscode-oss/extensions/redhat.java-1.21.0-linux-x64/jre/17.0.7-linux-x86_64/bin/java
56090eb26000-56090eb27000 r-xp 00001000 00:18 5033516                    /home/kgaft/.vscode-oss/extensions/redhat.java-1.21.0-linux-x64/jre/17.0.7-linux-x86_64/bin/java
56090eb27000-56090eb28000 r--p 00002000 00:18 5033516                    /home/kgaft/.vscode-oss/extensions/redhat.java-1.21.0-linux-x64/jre/17.0.7-linux-x86_64/bin/java
56090eb28000-56090eb29000 r--p 00002000 00:18 5033516                    /home/kgaft/.vscode-oss/extensions/redhat.java-1.21.0-linux-x64/jre/17.0.7-linux-x86_64/bin/java
56090eb29000-56090eb2a000 rw-p 00003000 00:18 5033516                    /home/kgaft/.vscode-oss/extensions/redhat.java-1.21.0-linux-x64/jre/17.0.7-linux-x86_64/bin/java
56090fefc000-56090ff44000 rw-p 00000000 00:00 0                          [heap]
7f021c000000-7f021c021000 rw-p 00000000 00:00 0 
7f021c021000-7f0220000000 ---p 00000000 00:00 0 
7f0224000000-7f022407e000 rw-p 00000000 00:00 0 
7f022407e000-7f0228000000 ---p 00000000 00:00 0 
7f0228000000-7f0228021000 rw-p 00000000 00:00 0 
7f0228021000-7f022c000000 ---p 00000000 00:00 0 
7f022c000000-7f022c021000 rw-p 00000000 00:00 0 
7f022c021000-7f0230000000 ---p 00000000 00:00 0 
7f0230000000-7f0230021000 rw-p 00000000 00:00 0 
7f0230021000-7f0234000000 ---p 00000000 00:00 0 
7f0234000000-7f0234021000 rw-p 00000000 00:00 0 
7f0234021000-7f0238000000 ---p 00000000 00:00 0 
7f0238000000-7f0238021000 rw-p 00000000 00:00 0 
7f0238021000-7f023c000000 ---p 00000000 00:00 0 
7f023c000000-7f023c021000 rw-p 00000000 00:00 0 
7f023c021000-7f0240000000 ---p 00000000 00:00 0 
7f0240000000-7f0240021000 rw-p 00000000 00:00 0 
7f0240021000-7f0244000000 ---p 00000000 00:00 0 
7f0244000000-7f0244271000 rw-p 00000000 00:00 0 
7f0244271000-7f0248000000 ---p 00000000 00:00 0 
7f0248000000-7f0248021000 rw-p 00000000 00:00 0 
7f0248021000-7f024c000000 ---p 00000000 00:00 0 
7f024c000000-7f024c021000 rw-p 00000000 00:00 0 
7f024c021000-7f0250000000 ---p 00000000 00:00 0 
7f0250000000-7f0250021000 rw-p 00000000 00:00 0 
7f0250021000-7f0254000000 ---p 00000000 00:00 0 
7f0254000000-7f0254035000 rw-p 00000000 00:00 0 
7f0254035000-7f0258000000 ---p 00000000 00:00 0 
7f0259400000-7f0263f1d000 r--s 00000000 00:18 4115750                    /usr/lib/java/graalvm/lib/modules
7f0264000000-7f0264021000 rw-p 00000000 00:00 0 
7f0264021000-7f0268000000 ---p 00000000 00:00 0 
7f0268000000-7f0268021000 rw-p 00000000 00:00 0 
7f0268021000-7f026c000000 ---p 00000000 00:00 0 
7f026c000000-7f026c021000 rw-p 00000000 00:00 0 
7f026c021000-7f0270000000 ---p 00000000 00:00 0 
7f0270000000-7f0270021000 rw-p 00000000 00:00 0 
7f0270021000-7f0274000000 ---p 00000000 00:00 0 
7f0274000000-7f0274021000 rw-p 00000000 00:00 0 
7f0274021000-7f0278000000 ---p 00000000 00:00 0 
7f0278000000-7f0278021000 rw-p 00000000 00:00 0 
7f0278021000-7f027c000000 ---p 00000000 00:00 0 
7f027c000000-7f027c021000 rw-p 00000000 00:00 0 
7f027c021000-7f0280000000 ---p 00000000 00:00 0 
7f0280000000-7f0280021000 rw-p 00000000 00:00 0 
7f0280021000-7f0284000000 ---p 00000000 00:00 0 
7f0284000000-7f0284021000 rw-p 00000000 00:00 0 
7f0284021000-7f0288000000 ---p 00000000 00:00 0 
7f0288000000-7f02880cb000 rw-p 00000000 00:00 0 
7f02880cb000-7f028c000000 ---p 00000000 00:00 0 
7f028c000000-7f028c021000 rw-p 00000000 00:00 0 
7f028c021000-7f0290000000 ---p 00000000 00:00 0 
7f0290000000-7f029011c000 rw-p 00000000 00:00 0 
7f029011c000-7f0294000000 ---p 00000000 00:00 0 
7f0294000000-7f0294021000 rw-p 00000000 00:00 0 
7f0294021000-7f0298000000 ---p 00000000 00:00 0 
7f029a16d000-7f029a404000 rw-p 00000000 00:00 0 
7f029a404000-7f029a408000 ---p 00000000 00:00 0 
7f029a408000-7f029a504000 rw-p 00000000 00:00 0 
7f029a504000-7f029a508000 ---p 00000000 00:00 0 
7f029a508000-7f029a604000 rw-p 00000000 00:00 0 
7f029a604000-7f029a608000 ---p 00000000 00:00 0 
7f029a608000-7f029a704000 rw-p 00000000 00:00 0 
7f029a704000-7f029a708000 ---p 00000000 00:00 0 
7f029a708000-7f029a804000 rw-p 00000000 00:00 0 
7f029a804000-7f029a808000 ---p 00000000 00:00 0 
7f029a808000-7f029a904000 rw-p 00000000 00:00 0 
7f029a904000-7f029a908000 ---p 00000000 00:00 0 
7f029a908000-7f029aa04000 rw-p 00000000 00:00 0 
7f029aa04000-7f029aa08000 ---p 00000000 00:00 0 
7f029aa08000-7f029ab04000 rw-p 00000000 00:00 0 
7f029ab04000-7f029ab08000 ---p 00000000 00:00 0 
7f029ab08000-7f029ac04000 rw-p 00000000 00:00 0 
7f029ac04000-7f029ac08000 ---p 00000000 00:00 0 
7f029ac08000-7f029ad04000 rw-p 00000000 00:00 0 
7f029ad04000-7f029ad08000 ---p 00000000 00:00 0 
7f029ad08000-7f029ae04000 rw-p 00000000 00:00 0 
7f029ae04000-7f029ae08000 ---p 00000000 00:00 0 
7f029ae08000-7f029af04000 rw-p 00000000 00:00 0 
7f029af04000-7f029af08000 ---p 00000000 00:00 0 
7f029af08000-7f029b004000 rw-p 00000000 00:00 0 
7f029b004000-7f029b008000 ---p 00000000 00:00 0 
7f029b008000-7f029b104000 rw-p 00000000 00:00 0 
7f029b104000-7f029b108000 ---p 00000000 00:00 0 
7f029b108000-7f029b204000 rw-p 00000000 00:00 0 
7f029b204000-7f029b208000 ---p 00000000 00:00 0 
7f029b208000-7f029b304000 rw-p 00000000 00:00 0 
7f029b304000-7f029b308000 ---p 00000000 00:00 0 
7f029b308000-7f029b404000 rw-p 00000000 00:00 0 
7f029b404000-7f029b408000 ---p 00000000 00:00 0 
7f029b408000-7f029b504000 rw-p 00000000 00:00 0 
7f029b504000-7f029b508000 ---p 00000000 00:00 0 
7f029b508000-7f029b604000 rw-p 00000000 00:00 0 
7f029b604000-7f029b608000 ---p 00000000 00:00 0 
7f029b608000-7f029b704000 rw-p 00000000 00:00 0 
7f029b704000-7f029b708000 ---p 00000000 00:00 0 
7f029b708000-7f029b804000 rw-p 00000000 00:00 0 
7f029b804000-7f029b808000 ---p 00000000 00:00 0 
7f029b808000-7f029b904000 rw-p 00000000 00:00 0 
7f029b904000-7f029b908000 ---p 00000000 00:00 0 
7f029b908000-7f029ba04000 rw-p 00000000 00:00 0 
7f029ba04000-7f029ba08000 ---p 00000000 00:00 0 
7f029ba08000-7f029bb04000 rw-p 00000000 00:00 0 
7f029bb04000-7f029bb08000 ---p 00000000 00:00 0 
7f029bb08000-7f029bc04000 rw-p 00000000 00:00 0 
7f029bc04000-7f029bc08000 ---p 00000000 00:00 0 
7f029bc08000-7f029bd04000 rw-p 00000000 00:00 0 
7f029bd04000-7f029bd08000 ---p 00000000 00:00 0 
7f029bd08000-7f029be04000 rw-p 00000000 00:00 0 
7f029be04000-7f029be08000 ---p 00000000 00:00 0 
7f029be08000-7f029bf04000 rw-p 00000000 00:00 0 
7f029c000000-7f029c025000 rw-p 00000000 00:00 0 
7f029c025000-7f02a0000000 ---p 00000000 00:00 0 
7f02a0000000-7f02a008c000 rw-p 00000000 00:00 0 
7f02a008c000-7f02a4000000 ---p 00000000 00:00 0 
7f02a4000000-7f02a40c4000 rw-p 00000000 00:00 0 
7f02a40c4000-7f02a8000000 ---p 00000000 00:00 0 
7f02a8000000-7f02a8072000 rw-p 00000000 00:00 0 
7f02a8072000-7f02ac000000 ---p 00000000 00:00 0 
7f02ac000000-7f02ac021000 rw-p 00000000 00:00 0 
7f02ac021000-7f02b0000000 ---p 00000000 00:00 0 
7f02b0000000-7f02b090a000 rw-p 00000000 00:00 0 
7f02b090a000-7f02b4000000 ---p 00000000 00:00 0 
7f02b4000000-7f02b4021000 rw-p 00000000 00:00 0 
7f02b4021000-7f02b8000000 ---p 00000000 00:00 0 
7f02b8000000-7f02b8021000 rw-p 00000000 00:00 0 
7f02b8021000-7f02bc000000 ---p 00000000 00:00 0 
7f02bc000000-7f02bc021000 rw-p 00000000 00:00 0 
7f02bc021000-7f02c0000000 ---p 00000000 00:00 0 
7f02c0000000-7f02c094a000 rw-p 00000000 00:00 0 
7f02c094a000-7f02c4000000 ---p 00000000 00:00 0 
7f02c4000000-7f02c4021000 rw-p 00000000 00:00 0 
7f02c4021000-7f02c8000000 ---p 00000000 00:00 0 
7f02c8000000-7f02c8021000 rw-p 00000000 00:00 0 
7f02c8021000-7f02cc000000 ---p 00000000 00:00 0 
7f02cc000000-7f02cc021000 rw-p 00000000 00:00 0 
7f02cc021000-7f02d0000000 ---p 00000000 00:00 0 
7f02d0000000-7f02d0021000 rw-p 00000000 00:00 0 
7f02d0021000-7f02d4000000 ---p 00000000 00:00 0 
7f02d4000000-7f02d4021000 rw-p 00000000 00:00 0 
7f02d4021000-7f02d8000000 ---p 00000000 00:00 0 
7f02d8000000-7f02d8021000 rw-p 00000000 00:00 0 
7f02d8021000-7f02dc000000 ---p 00000000 00:00 0 
7f02dc000000-7f02dc021000 rw-p 00000000 00:00 0 
7f02dc021000-7f02e0000000 ---p 00000000 00:00 0 
7f02e0000000-7f02e0021000 rw-p 00000000 00:00 0 
7f02e0021000-7f02e4000000 ---p 00000000 00:00 0 
7f02e4000000-7f02e415f000 rw-p 00000000 00:00 0 
7f02e415f000-7f02e8000000 ---p 00000000 00:00 0 
7f02e8000000-7f02e83dc000 rw-p 00000000 00:00 0 
7f02e83dc000-7f02ec000000 ---p 00000000 00:00 0 
7f02ec000000-7f02ec021000 rw-p 00000000 00:00 0 
7f02ec021000-7f02f0000000 ---p 00000000 00:00 0 
7f02f0000000-7f02f0021000 rw-p 00000000 00:00 0 
7f02f0021000-7f02f4000000 ---p 00000000 00:00 0 
7f02f4000000-7f02f4bf2000 rw-p 00000000 00:00 0 
7f02f4bf2000-7f02f8000000 ---p 00000000 00:00 0 
7f02f8000000-7f02f8021000 rw-p 00000000 00:00 0 
7f02f8021000-7f02fc000000 ---p 00000000 00:00 0 
7f02fc000000-7f02fc021000 rw-p 00000000 00:00 0 
7f02fc021000-7f0300000000 ---p 00000000 00:00 0 
7f0300000000-7f0301657000 rw-p 00000000 00:00 0 
7f0301657000-7f0304000000 ---p 00000000 00:00 0 
7f0304000000-7f0304021000 rw-p 00000000 00:00 0 
7f0304021000-7f0308000000 ---p 00000000 00:00 0 
7f0308000000-7f0308021000 rw-p 00000000 00:00 0 
7f0308021000-7f030c000000 ---p 00000000 00:00 0 
7f030c000000-7f030c021000 rw-p 00000000 00:00 0 
7f030c021000-7f0310000000 ---p 00000000 00:00 0 
7f0310000000-7f0310021000 rw-p 00000000 00:00 0 
7f0310021000-7f0314000000 ---p 00000000 00:00 0 
7f0314000000-7f0314021000 rw-p 00000000 00:00 0 
7f0314021000-7f0318000000 ---p 00000000 00:00 0 
7f0318007000-7f031800b000 ---p 00000000 00:00 0 
7f031800b000-7f0318107000 rw-p 00000000 00:00 0 
7f0318107000-7f031810b000 ---p 00000000 00:00 0 
7f031810b000-7f0318207000 rw-p 00000000 00:00 0 
7f03182fe000-7f0318302000 ---p 00000000 00:00 0 
7f0318302000-7f03183fe000 rw-p 00000000 00:00 0 
7f03183fe000-7f0318402000 ---p 00000000 00:00 0 
7f0318402000-7f03184fe000 rw-p 00000000 00:00 0 
7f03184fe000-7f0318502000 ---p 00000000 00:00 0 
7f0318502000-7f03185fe000 rw-p 00000000 00:00 0 
7f03185fe000-7f0318602000 ---p 00000000 00:00 0 
7f0318602000-7f03186fe000 rw-p 00000000 00:00 0 
7f03186fe000-7f03186ff000 ---p 00000000 00:00 0 
7f03186ff000-7f0318800000 rw-p 00000000 00:00 0 
7f0318800000-7f0318810000 r-xp 00000000 00:18 5034470                    /home/kgaft/.config/VSCodium/User/globalStorage/redhat.java/1.21.0/config_linux/org.eclipse.equinox.launcher/org.eclipse.equinox.launcher.gtk.linux.x86_64_1.2.700.v20221108-1024/eclipse_11801.so
7f0318810000-7f0318a0f000 ---p 00010000 00:18 5034470                    /home/kgaft/.config/VSCodium/User/globalStorage/redhat.java/1.21.0/config_linux/org.eclipse.equinox.launcher/org.eclipse.equinox.launcher.gtk.linux.x86_64_1.2.700.v20221108-1024/eclipse_11801.so
7f0318a0f000-7f0318a10000 r--p 0000f000 00:18 5034470                    /home/kgaft/.config/VSCodium/User/globalStorage/redhat.java/1.21.0/config_linux/org.eclipse.equinox.launcher/org.eclipse.equinox.launcher.gtk.linux.x86_64_1.2.700.v20221108-1024/eclipse_11801.so
7f0318a10000-7f0318a11000 rw-p 00010000 00:18 5034470                    /home/kgaft/.config/VSCodium/User/globalStorage/redhat.java/1.21.0/config_linux/org.eclipse.equinox.launcher/org.eclipse.equinox.launcher.gtk.linux.x86_64_1.2.700.v20221108-1024/eclipse_11801.so
7f0318a11000-7f0318a12000 rw-p 00000000 00:00 0 
7f0318af2000-7f0318af6000 ---p 00000000 00:00 0 
7f0318af6000-7f0318bf2000 rw-p 00000000 00:00 0 
7f0318bf2000-7f0318bf6000 ---p 00000000 00:00 0 
7f0318bf6000-7f0318cf2000 rw-p 00000000 00:00 0 
7f0318cf2000-7f0318cf6000 ---p 00000000 00:00 0 
7f0318cf6000-7f0318df2000 rw-p 00000000 00:00 0 
7f0318df2000-7f0318df6000 ---p 00000000 00:00 0 
7f0318df6000-7f0318ef2000 rw-p 00000000 00:00 0 
7f0318ef2000-7f0318ef3000 ---p 00000000 00:00 0 
7f0318ef3000-7f0318ff4000 rw-p 00000000 00:00 0 
7f0318ff4000-7f0318ff5000 ---p 00000000 00:00 0 
7f0318ff5000-7f03190f6000 rw-p 00000000 00:00 0 
7f03190f6000-7f03190f7000 ---p 00000000 00:00 0 
7f03190f7000-7f03191f8000 rw-p 00000000 00:00 0 
7f03191f8000-7f03191f9000 ---p 00000000 00:00 0 
7f03191f9000-7f03192fa000 rw-p 00000000 00:00 0 
7f03192fa000-7f03192fb000 ---p 00000000 00:00 0 
7f03192fb000-7f03193fc000 rw-p 00000000 00:00 0 
7f03193fc000-7f03193fd000 ---p 00000000 00:00 0 
7f03193fd000-7f03194fe000 rw-p 00000000 00:00 0 
7f03194fe000-7f0319502000 ---p 00000000 00:00 0 
7f0319502000-7f03195fe000 rw-p 00000000 00:00 0 
7f03195fe000-7f03195ff000 ---p 00000000 00:00 0 
7f03195ff000-7f0319700000 rw-p 00000000 00:00 0 
7f0319700000-7f0319704000 ---p 00000000 00:00 0 
7f0319704000-7f0319800000 rw-p 00000000 00:00 0 
7f0319800000-7f0319804000 ---p 00000000 00:00 0 
7f0319804000-7f0319900000 rw-p 00000000 00:00 0 
7f0319900000-7f0319904000 ---p 00000000 00:00 0 
7f0319904000-7f0319a00000 rw-p 00000000 00:00 0 
7f0319a00000-7f0319a04000 ---p 00000000 00:00 0 
7f0319a04000-7f0319b00000 rw-p 00000000 00:00 0 
7f0319b00000-7f0319b04000 ---p 00000000 00:00 0 
7f0319b04000-7f0319c00000 rw-p 00000000 00:00 0 
7f0319c00000-7f0319c04000 ---p 00000000 00:00 0 
7f0319c04000-7f0319d00000 rw-p 00000000 00:00 0 
7f0319d00000-7f0319d04000 ---p 00000000 00:00 0 
7f0319d04000-7f0319e00000 rw-p 00000000 00:00 0 
7f0319e00000-7f031a0eb000 r--p 00000000 00:18 1384110                    /usr/lib/locale/locale-archive
7f031a1e4000-7f031a1e8000 ---p 00000000 00:00 0 
7f031a1e8000-7f031a2e4000 rw-p 00000000 00:00 0 
7f031a2e4000-7f031a2e8000 ---p 00000000 00:00 0 
7f031a2e8000-7f031a3e4000 rw-p 00000000 00:00 0 
7f031a3e4000-7f031a3e8000 ---p 00000000 00:00 0 
7f031a3e8000-7f031a4e4000 rw-p 00000000 00:00 0 
7f031a4e4000-7f031a4e5000 ---p 00000000 00:00 0 
7f031a4e5000-7f031c3f0000 rw-p 00000000 00:00 0 
7f031c3f0000-7f031c470000 rw-p 00000000 00:00 0 
7f031c470000-7f031c4f0000 rw-p 00000000 00:00 0 
7f031c4f0000-7f031c7f0000 rw-p 00000000 00:00 0 
7f031c7f0000-7f031c8b0000 rw-p 00000000 00:00 0 
7f031c8b0000-7f031c8f0000 rw-p 00000000 00:00 0 
7f031c8f0000-7f031caf0000 rw-p 00000000 00:00 0 
7f031caf0000-7f031cbf0000 rw-p 00000000 00:00 0 
7f031cbf0000-7f031cd90000 rw-p 00000000 00:00 0 
7f031cd90000-7f031cdb0000 rw-p 00000000 00:00 0 
7f031cdb0000-7f031cef0000 rw-p 00000000 00:00 0 
7f031cef0000-7f031cff0000 rw-p 00000000 00:00 0 
7f031cff0000-7f031d2f0000 rw-p 00000000 00:00 0 
7f031d2f0000-7f031d3f0000 rw-p 00000000 00:00 0 
7f031d3f0000-7f031d570000 rw-p 00000000 00:00 0 
7f031d570000-7f031d5f0000 rw-p 00000000 00:00 0 
7f031d5f0000-7f031db70000 rw-p 00000000 00:00 0 
7f031db70000-7f031dd70000 rw-p 00000000 00:00 0 
7f031dd70000-7f031ddf0000 rw-p 00000000 00:00 0 
7f031ddf0000-7f031e170000 rw-p 00000000 00:00 0 
7f031e170000-7f031e1f0000 rw-p 00000000 00:00 0 
7f031e1f0000-7f031e8f0000 rw-p 00000000 00:00 0 
7f031e8f0000-7f031e9f0000 rw-p 00000000 00:00 0 
7f031e9f0000-7f031ef70000 rw-p 00000000 00:00 0 
7f031ef70000-7f031eff0000 rw-p 00000000 00:00 0 
7f031eff0000-7f031f8f0000 rw-p 00000000 00:00 0 
7f031f8f0000-7f031f930000 rw-p 00000000 00:00 0 
7f031f930000-7f031fa00000 ---p 00000000 00:00 0 
7f031fa00000-7f031faf0000 rw-p 00000000 00:00 0 
7f031faf0000-7f0320000000 ---p 00000000 00:00 0 
7f0320000000-7f0320021000 rw-p 00000000 00:00 0 
7f0320021000-7f0324000000 ---p 00000000 00:00 0 
7f0324000000-7f0326200000 rw-p 00000000 00:00 0 
7f0326200000-7f03271b0000 rwxp 00000000 00:00 0 
7f03271b0000-7f032d737000 ---p 00000000 00:00 0 
7f032d737000-7f032d9a7000 rwxp 00000000 00:00 0 
7f032d9a7000-7f032dcc9000 ---p 00000000 00:00 0 
7f032dcc9000-7f032e099000 rwxp 00000000 00:00 0 
7f032e099000-7f0335200000 ---p 00000000 00:00 0 
7f0335200000-7f0337e16000 r--s 00000000 00:18 5033922                    /home/kgaft/.vscode-oss/extensions/redhat.java-1.21.0-linux-x64/jre/17.0.7-linux-x86_64/lib/modules
7f0337eff000-7f033874c000 rw-p 00000000 00:00 0 
7f033874c000-7f033c000000 ---p 00000000 00:00 0 
7f033c08e000-7f033c095000 r--s 00000000 00:18 49340                      /usr/lib64/gconv/gconv-modules.cache
7f033c095000-7f033c097000 r--p 00000000 00:18 5033910                    /home/kgaft/.vscode-oss/extensions/redhat.java-1.21.0-linux-x64/jre/17.0.7-linux-x86_64/lib/libmanagement_ext.so
7f033c097000-7f033c09a000 r-xp 00002000 00:18 5033910                    /home/kgaft/.vscode-oss/extensions/redhat.java-1.21.0-linux-x64/jre/17.0.7-linux-x86_64/lib/libmanagement_ext.so
7f033c09a000-7f033c09b000 r--p 00005000 00:18 5033910                    /home/kgaft/.vscode-oss/extensions/redhat.java-1.21.0-linux-x64/jre/17.0.7-linux-x86_64/lib/libmanagement_ext.so
7f033c09b000-7f033c09c000 ---p 00006000 00:18 5033910                    /home/kgaft/.vscode-oss/extensions/redhat.java-1.21.0-linux-x64/jre/17.0.7-linux-x86_64/lib/libmanagement_ext.so
7f033c09c000-7f033c09d000 r--p 00006000 00:18 5033910                    /home/kgaft/.vscode-oss/extensions/redhat.java-1.21.0-linux-x64/jre/17.0.7-linux-x86_64/lib/libmanagement_ext.so
7f033c09d000-7f033c09e000 rw-p 00007000 00:18 5033910                    /home/kgaft/.vscode-oss/extensions/redhat.java-1.21.0-linux-x64/jre/17.0.7-linux-x86_64/lib/libmanagement_ext.so
7f033c09e000-7f033c0a1000 r--p 00000000 00:18 5033911                    /home/kgaft/.vscode-oss/extensions/redhat.java-1.21.0-linux-x64/jre/17.0.7-linux-x86_64/lib/libmanagement.so
7f033c0a1000-7f033c0a2000 r-xp 00003000 00:18 5033911                    /home/kgaft/.vscode-oss/extensions/redhat.java-1.21.0-linux-x64/jre/17.0.7-linux-x86_64/lib/libmanagement.so
7f033c0a2000-7f033c0a3000 r--p 00004000 00:18 5033911                    /home/kgaft/.vscode-oss/extensions/redhat.java-1.21.0-linux-x64/jre/17.0.7-linux-x86_64/lib/libmanagement.so
7f033c0a3000-7f033c0a4000 r--p 00004000 00:18 5033911                    /home/kgaft/.vscode-oss/extensions/redhat.java-1.21.0-linux-x64/jre/17.0.7-linux-x86_64/lib/libmanagement.so
7f033c0a4000-7f033c0a5000 rw-p 00005000 00:18 5033911                    /home/kgaft/.vscode-oss/extensions/redhat.java-1.21.0-linux-x64/jre/17.0.7-linux-x86_64/lib/libmanagement.so
7f033c0a5000-7f033c0a9000 ---p 00000000 00:00 0 
7f033c0a9000-7f033c0c7000 rw-p 00000000 00:00 0 
7f033c0c7000-7f033c0cb000 r--p 00000000 00:18 5033920                    /home/kgaft/.vscode-oss/extensions/redhat.java-1.21.0-linux-x64/jre/17.0.7-linux-x86_64/lib/libverify.so
7f033c0cb000-7f033c0d2000 r-xp 00004000 00:18 5033920                    /home/kgaft/.vscode-oss/extensions/redhat.java-1.21.0-linux-x64/jre/17.0.7-linux-x86_64/lib/libverify.so
7f033c0d2000-7f033c0d4000 r--p 0000b000 00:18 5033920                    /home/kgaft/.vscode-oss/extensions/redhat.java-1.21.0-linux-x64/jre/17.0.7-linux-x86_64/lib/libverify.so
7f033c0d4000-7f033c0d6000 r--p 0000c000 00:18 5033920                    /home/kgaft/.vscode-oss/extensions/redhat.java-1.21.0-linux-x64/jre/17.0.7-linux-x86_64/lib/libverify.so
7f033c0d6000-7f033c0d7000 rw-p 0000e000 00:18 5033920                    /home/kgaft/.vscode-oss/extensions/redhat.java-1.21.0-linux-x64/jre/17.0.7-linux-x86_64/lib/libverify.so
7f033c0d7000-7f033c2fb000 rw-p 00000000 00:00 0 
7f033c2fb000-7f033c34a000 ---p 00000000 00:00 0 
7f033c34a000-7f033c34b000 ---p 00000000 00:00 0 
7f033c34b000-7f033c553000 rw-p 00000000 00:00 0 
7f033c553000-7f033c5a1000 ---p 00000000 00:00 0 
7f033c5a1000-7f033c612000 rw-p 00000000 00:00 0 
7f033c612000-7f033c64c000 ---p 00000000 00:00 0 
7f033c64c000-7f033c655000 rw-p 00000000 00:00 0 
7f033c655000-7f033c738000 ---p 00000000 00:00 0 
7f033c738000-7f033c758000 rw-p 00000000 00:00 0 
7f033c758000-7f033c823000 ---p 00000000 00:00 0 
7f033c823000-7f033c827000 ---p 00000000 00:00 0 
7f033c827000-7f033c923000 rw-p 00000000 00:00 0 
7f033c923000-7f033c931000 r--p 00000000 00:18 52882                      /lib64/libm.so.6
7f033c931000-7f033c9a4000 r-xp 0000e000 00:18 52882                      /lib64/libm.so.6
7f033c9a4000-7f033c9fe000 r--p 00081000 00:18 52882                      /lib64/libm.so.6
7f033c9fe000-7f033c9ff000 r--p 000da000 00:18 52882                      /lib64/libm.so.6
7f033c9ff000-7f033ca00000 rw-p 000db000 00:18 52882                      /lib64/libm.so.6
7f033ca00000-7f033cc52000 r--p 00000000 00:18 5033932                    /home/kgaft/.vscode-oss/extensions/redhat.java-1.21.0-linux-x64/jre/17.0.7-linux-x86_64/lib/server/libjvm.so
7f033cc52000-7f033d972000 r-xp 00252000 00:18 5033932                    /home/kgaft/.vscode-oss/extensions/redhat.java-1.21.0-linux-x64/jre/17.0.7-linux-x86_64/lib/server/libjvm.so
7f033d972000-7f033dbfe000 r--p 00f72000 00:18 5033932                    /home/kgaft/.vscode-oss/extensions/redhat.java-1.21.0-linux-x64/jre/17.0.7-linux-x86_64/lib/server/libjvm.so
7f033dbfe000-7f033dbff000 ---p 011fe000 00:18 5033932                    /home/kgaft/.vscode-oss/extensions/redhat.java-1.21.0-linux-x64/jre/17.0.7-linux-x86_64/lib/server/libjvm.so
7f033dbff000-7f033dcb8000 r--p 011fe000 00:18 5033932                    /home/kgaft/.vscode-oss/extensions/redhat.java-1.21.0-linux-x64/jre/17.0.7-linux-x86_64/lib/server/libjvm.so
7f033dcb8000-7f033dced000 rw-p 012b7000 00:18 5033932                    /home/kgaft/.vscode-oss/extensions/redhat.java-1.21.0-linux-x64/jre/17.0.7-linux-x86_64/lib/server/libjvm.so
7f033dced000-7f033dd47000 rw-p 00000000 00:00 0 
7f033dd4a000-7f033dd4e000 r--p 00000000 00:18 5033913                    /home/kgaft/.vscode-oss/extensions/redhat.java-1.21.0-linux-x64/jre/17.0.7-linux-x86_64/lib/libnet.so
7f033dd4e000-7f033dd5c000 r-xp 00004000 00:18 5033913                    /home/kgaft/.vscode-oss/extensions/redhat.java-1.21.0-linux-x64/jre/17.0.7-linux-x86_64/lib/libnet.so
7f033dd5c000-7f033dd60000 r--p 00012000 00:18 5033913                    /home/kgaft/.vscode-oss/extensions/redhat.java-1.21.0-linux-x64/jre/17.0.7-linux-x86_64/lib/libnet.so
7f033dd60000-7f033dd61000 r--p 00015000 00:18 5033913                    /home/kgaft/.vscode-oss/extensions/redhat.java-1.21.0-linux-x64/jre/17.0.7-linux-x86_64/lib/libnet.so
7f033dd61000-7f033dd62000 rw-p 00016000 00:18 5033913                    /home/kgaft/.vscode-oss/extensions/redhat.java-1.21.0-linux-x64/jre/17.0.7-linux-x86_64/lib/libnet.so
7f033dd62000-7f033dd69000 r--p 00000000 00:18 5033914                    /home/kgaft/.vscode-oss/extensions/redhat.java-1.21.0-linux-x64/jre/17.0.7-linux-x86_64/lib/libnio.so
7f033dd69000-7f033dd72000 r-xp 00007000 00:18 5033914                    /home/kgaft/.vscode-oss/extensions/redhat.java-1.21.0-linux-x64/jre/17.0.7-linux-x86_64/lib/libnio.so
7f033dd72000-7f033dd76000 r--p 00010000 00:18 5033914                    /home/kgaft/.vscode-oss/extensions/redhat.java-1.21.0-linux-x64/jre/17.0.7-linux-x86_64/lib/libnio.so
7f033dd76000-7f033dd77000 ---p 00014000 00:18 5033914                    /home/kgaft/.vscode-oss/extensions/redhat.java-1.21.0-linux-x64/jre/17.0.7-linux-x86_64/lib/libnio.so
7f033dd77000-7f033dd78000 r--p 00014000 00:18 5033914                    /home/kgaft/.vscode-oss/extensions/redhat.java-1.21.0-linux-x64/jre/17.0.7-linux-x86_64/lib/libnio.so
7f033dd78000-7f033dd79000 rw-p 00015000 00:18 5033914                    /home/kgaft/.vscode-oss/extensions/redhat.java-1.21.0-linux-x64/jre/17.0.7-linux-x86_64/lib/libnio.so
7f033dd79000-7f033dd7b000 r--p 00000000 00:18 5033921                    /home/kgaft/.vscode-oss/extensions/redhat.java-1.21.0-linux-x64/jre/17.0.7-linux-x86_64/lib/libzip.so
7f033dd7b000-7f033dd7f000 r-xp 00002000 00:18 5033921                    /home/kgaft/.vscode-oss/extensions/redhat.java-1.21.0-linux-x64/jre/17.0.7-linux-x86_64/lib/libzip.so
7f033dd7f000-7f033dd81000 r--p 00006000 00:18 5033921                    /home/kgaft/.vscode-oss/extensions/redhat.java-1.21.0-linux-x64/jre/17.0.7-linux-x86_64/lib/libzip.so
7f033dd81000-7f033dd82000 r--p 00007000 00:18 5033921                    /home/kgaft/.vscode-oss/extensions/redhat.java-1.21.0-linux-x64/jre/17.0.7-linux-x86_64/lib/libzip.so
7f033dd82000-7f033dd83000 rw-p 00008000 00:18 5033921                    /home/kgaft/.vscode-oss/extensions/redhat.java-1.21.0-linux-x64/jre/17.0.7-linux-x86_64/lib/libzip.so
7f033dd83000-7f033dd9c000 rw-p 00000000 00:00 0 
7f033dd9c000-7f033dda3000 ---p 00000000 00:00 0 
7f033dda3000-7f033ddb0000 r--p 00000000 00:18 5033900                    /home/kgaft/.vscode-oss/extensions/redhat.java-1.21.0-linux-x64/jre/17.0.7-linux-x86_64/lib/libjava.so
7f033ddb0000-7f033ddc2000 r-xp 0000d000 00:18 5033900                    /home/kgaft/.vscode-oss/extensions/redhat.java-1.21.0-linux-x64/jre/17.0.7-linux-x86_64/lib/libjava.so
7f033ddc2000-7f033ddc8000 r--p 0001f000 00:18 5033900                    /home/kgaft/.vscode-oss/extensions/redhat.java-1.21.0-linux-x64/jre/17.0.7-linux-x86_64/lib/libjava.so
7f033ddc8000-7f033ddc9000 ---p 00025000 00:18 5033900                    /home/kgaft/.vscode-oss/extensions/redhat.java-1.21.0-linux-x64/jre/17.0.7-linux-x86_64/lib/libjava.so
7f033ddc9000-7f033ddca000 r--p 00025000 00:18 5033900                    /home/kgaft/.vscode-oss/extensions/redhat.java-1.21.0-linux-x64/jre/17.0.7-linux-x86_64/lib/libjava.so
7f033ddca000-7f033ddcb000 rw-p 00026000 00:18 5033900                    /home/kgaft/.vscode-oss/extensions/redhat.java-1.21.0-linux-x64/jre/17.0.7-linux-x86_64/lib/libjava.so
7f033ddcb000-7f033ddcc000 rw-p 00000000 00:00 0 
7f033ddcc000-7f033ddd0000 r--p 00000000 00:18 5033904                    /home/kgaft/.vscode-oss/extensions/redhat.java-1.21.0-linux-x64/jre/17.0.7-linux-x86_64/lib/libjimage.so
7f033ddd0000-7f033dde3000 r-xp 00004000 00:18 5033904                    /home/kgaft/.vscode-oss/extensions/redhat.java-1.21.0-linux-x64/jre/17.0.7-linux-x86_64/lib/libjimage.so
7f033dde3000-7f033dde9000 r--p 00017000 00:18 5033904                    /home/kgaft/.vscode-oss/extensions/redhat.java-1.21.0-linux-x64/jre/17.0.7-linux-x86_64/lib/libjimage.so
7f033dde9000-7f033ddeb000 r--p 0001c000 00:18 5033904                    /home/kgaft/.vscode-oss/extensions/redhat.java-1.21.0-linux-x64/jre/17.0.7-linux-x86_64/lib/libjimage.so
7f033ddeb000-7f033ddec000 rw-p 0001e000 00:18 5033904                    /home/kgaft/.vscode-oss/extensions/redhat.java-1.21.0-linux-x64/jre/17.0.7-linux-x86_64/lib/libjimage.so
7f033ddec000-7f033dded000 r--p 00000000 00:18 52739                      /lib64/librt.so.1
7f033dded000-7f033ddee000 r-xp 00001000 00:18 52739                      /lib64/librt.so.1
7f033ddee000-7f033ddef000 r--p 00002000 00:18 52739                      /lib64/librt.so.1
7f033ddef000-7f033ddf0000 r--p 00002000 00:18 52739                      /lib64/librt.so.1
7f033ddf0000-7f033ddf1000 rw-p 00003000 00:18 52739                      /lib64/librt.so.1
7f033ddf1000-7f033ddf5000 rw-p 00000000 00:00 0 
7f033ddf5000-7f033de17000 r--p 00000000 00:18 52845                      /lib64/libc.so.6
7f033de17000-7f033df67000 r-xp 00022000 00:18 52845                      /lib64/libc.so.6
7f033df67000-7f033dfbb000 r--p 00172000 00:18 52845                      /lib64/libc.so.6
7f033dfbb000-7f033dfbf000 r--p 001c5000 00:18 52845                      /lib64/libc.so.6
7f033dfbf000-7f033dfc1000 rw-p 001c9000 00:18 52845                      /lib64/libc.so.6
7f033dfc1000-7f033dfc9000 rw-p 00000000 00:00 0 
7f033dfc9000-7f033dfca000 r--p 00000000 00:18 52751                      /lib64/libdl.so.2
7f033dfca000-7f033dfcb000 r-xp 00001000 00:18 52751                      /lib64/libdl.so.2
7f033dfcb000-7f033dfcc000 r--p 00002000 00:18 52751                      /lib64/libdl.so.2
7f033dfcc000-7f033dfcd000 r--p 00002000 00:18 52751                      /lib64/libdl.so.2
7f033dfcd000-7f033dfce000 rw-p 00003000 00:18 52751                      /lib64/libdl.so.2
7f033dfce000-7f033dfcf000 r--p 00000000 00:18 52862                      /lib64/libpthread.so.0
7f033dfcf000-7f033dfd0000 r-xp 00001000 00:18 52862                      /lib64/libpthread.so.0
7f033dfd0000-7f033dfd1000 r--p 00002000 00:18 52862                      /lib64/libpthread.so.0
7f033dfd1000-7f033dfd2000 r--p 00002000 00:18 52862                      /lib64/libpthread.so.0
7f033dfd2000-7f033dfd3000 rw-p 00003000 00:18 52862                      /lib64/libpthread.so.0
7f033dfd3000-7f033dfd6000 r--p 00000000 00:18 5033905                    /home/kgaft/.vscode-oss/extensions/redhat.java-1.21.0-linux-x64/jre/17.0.7-linux-x86_64/lib/libjli.so
7f033dfd6000-7f033dfe0000 r-xp 00003000 00:18 5033905                    /home/kgaft/.vscode-oss/extensions/redhat.java-1.21.0-linux-x64/jre/17.0.7-linux-x86_64/lib/libjli.so
7f033dfe0000-7f033dfe3000 r--p 0000d000 00:18 5033905                    /home/kgaft/.vscode-oss/extensions/redhat.java-1.21.0-linux-x64/jre/17.0.7-linux-x86_64/lib/libjli.so
7f033dfe3000-7f033dfe4000 ---p 00010000 00:18 5033905                    /home/kgaft/.vscode-oss/extensions/redhat.java-1.21.0-linux-x64/jre/17.0.7-linux-x86_64/lib/libjli.so
7f033dfe4000-7f033dfe5000 r--p 00010000 00:18 5033905                    /home/kgaft/.vscode-oss/extensions/redhat.java-1.21.0-linux-x64/jre/17.0.7-linux-x86_64/lib/libjli.so
7f033dfe5000-7f033dfe6000 rw-p 00011000 00:18 5033905                    /home/kgaft/.vscode-oss/extensions/redhat.java-1.21.0-linux-x64/jre/17.0.7-linux-x86_64/lib/libjli.so
7f033dfe6000-7f033dfe9000 r--p 00000000 00:18 3895256                    /lib64/libz.so.1.2.13
7f033dfe9000-7f033dff7000 r-xp 00003000 00:18 3895256                    /lib64/libz.so.1.2.13
7f033dff7000-7f033dffe000 r--p 00011000 00:18 3895256                    /lib64/libz.so.1.2.13
7f033dffe000-7f033dfff000 r--p 00017000 00:18 3895256                    /lib64/libz.so.1.2.13
7f033dfff000-7f033e000000 rw-p 00018000 00:18 3895256                    /lib64/libz.so.1.2.13
7f033e005000-7f033e00d000 rw-s 00000000 00:18 5659581                    /tmp/hsperfdata_kgaft/17906
7f033e00d000-7f033e00f000 r--p 00000000 00:18 5033895                    /home/kgaft/.vscode-oss/extensions/redhat.java-1.21.0-linux-x64/jre/17.0.7-linux-x86_64/lib/libinstrument.so
7f033e00f000-7f033e015000 r-xp 00002000 00:18 5033895                    /home/kgaft/.vscode-oss/extensions/redhat.java-1.21.0-linux-x64/jre/17.0.7-linux-x86_64/lib/libinstrument.so
7f033e015000-7f033e018000 r--p 00008000 00:18 5033895                    /home/kgaft/.vscode-oss/extensions/redhat.java-1.21.0-linux-x64/jre/17.0.7-linux-x86_64/lib/libinstrument.so
7f033e018000-7f033e019000 r--p 0000a000 00:18 5033895                    /home/kgaft/.vscode-oss/extensions/redhat.java-1.21.0-linux-x64/jre/17.0.7-linux-x86_64/lib/libinstrument.so
7f033e019000-7f033e01a000 rw-p 0000b000 00:18 5033895                    /home/kgaft/.vscode-oss/extensions/redhat.java-1.21.0-linux-x64/jre/17.0.7-linux-x86_64/lib/libinstrument.so
7f033e01a000-7f033e01b000 ---p 00000000 00:00 0 
7f033e01b000-7f033e01c000 r--p 00000000 00:00 0 
7f033e01c000-7f033e01d000 ---p 00000000 00:00 0 
7f033e01d000-7f033e01f000 rw-p 00000000 00:00 0 
7f033e01f000-7f033e020000 r--p 00000000 00:18 52877                      /lib64/ld-linux-x86-64.so.2
7f033e020000-7f033e045000 r-xp 00001000 00:18 52877                      /lib64/ld-linux-x86-64.so.2
7f033e045000-7f033e04f000 r--p 00026000 00:18 52877                      /lib64/ld-linux-x86-64.so.2
7f033e04f000-7f033e051000 r--p 00030000 00:18 52877                      /lib64/ld-linux-x86-64.so.2
7f033e051000-7f033e053000 rw-p 00032000 00:18 52877                      /lib64/ld-linux-x86-64.so.2
7ffe69910000-7ffe69932000 rw-p 00000000 00:00 0                          [stack]
7ffe6993e000-7ffe69942000 r--p 00000000 00:00 0                          [vvar]
7ffe69942000-7ffe69944000 r-xp 00000000 00:00 0                          [vdso]
ffffffffff600000-ffffffffff601000 --xp 00000000 00:00 0                  [vsyscall]


VM Arguments:
jvm_args: --add-modules=ALL-SYSTEM --add-opens=java.base/java.util=ALL-UNNAMED --add-opens=java.base/java.lang=ALL-UNNAMED --add-opens=java.base/sun.nio.fs=ALL-UNNAMED -Declipse.application=org.eclipse.jdt.ls.core.id1 -Dosgi.bundles.defaultStartLevel=4 -Declipse.product=org.eclipse.jdt.ls.core.product -Djava.import.generatesMetadataFilesAtProjectRoot=false -Dfile.encoding=utf8 -XX:+UseParallelGC -XX:GCTimeRatio=4 -XX:AdaptiveSizePolicyWeight=90 -Dsun.zip.disableMemoryMapping=true -Xmx1G -Xms100m -Xlog:disable -javaagent:/home/kgaft/.vscode-oss/extensions/redhat.java-1.21.0-linux-x64/lombok/lombok-1.18.28.jar -XX:+HeapDumpOnOutOfMemoryError -XX:HeapDumpPath=/home/kgaft/.config/VSCodium/User/workspaceStorage/643a65087ea9ba5911a2212775e09b3a/redhat.java -Daether.dependencyCollector.impl=bf 
java_command: /home/kgaft/.vscode-oss/extensions/redhat.java-1.21.0-linux-x64/server/plugins/org.eclipse.equinox.launcher_1.6.500.v20230717-2134.jar -configuration /home/kgaft/.config/VSCodium/User/globalStorage/redhat.java/1.21.0/config_linux -data /home/kgaft/.config/VSCodium/User/workspaceStorage/643a65087ea9ba5911a2212775e09b3a/redhat.java/jdt_ws
java_class_path (initial): /home/kgaft/.vscode-oss/extensions/redhat.java-1.21.0-linux-x64/server/plugins/org.eclipse.equinox.launcher_1.6.500.v20230717-2134.jar
Launcher Type: SUN_STANDARD

[Global flags]
    uintx AdaptiveSizePolicyWeight                 = 90                                        {product} {command line}
     intx CICompilerCount                          = 4                                         {product} {ergonomic}
    uintx GCTimeRatio                              = 4                                         {product} {command line}
     bool HeapDumpOnOutOfMemoryError               = true                                   {manageable} {command line}
    ccstr HeapDumpPath                             = /home/kgaft/.config/VSCodium/User/workspaceStorage/643a65087ea9ba5911a2212775e09b3a/redhat.java         {manageable} {command line}
   size_t InitialHeapSize                          = 104857600                                 {product} {command line}
   size_t MaxHeapSize                              = 1073741824                                {product} {command line}
   size_t MaxNewSize                               = 357564416                                 {product} {ergonomic}
   size_t MinHeapDeltaBytes                        = 524288                                    {product} {ergonomic}
   size_t MinHeapSize                              = 104857600                                 {product} {command line}
   size_t NewSize                                  = 34603008                                  {product} {ergonomic}
    uintx NonNMethodCodeHeapSize                   = 5839372                                {pd product} {ergonomic}
    uintx NonProfiledCodeHeapSize                  = 122909434                              {pd product} {ergonomic}
   size_t OldSize                                  = 70254592                                  {product} {ergonomic}
    uintx ProfiledCodeHeapSize                     = 122909434                              {pd product} {ergonomic}
    uintx ReservedCodeCacheSize                    = 251658240                              {pd product} {ergonomic}
     bool SegmentedCodeCache                       = true                                      {product} {ergonomic}
   size_t SoftMaxHeapSize                          = 1073741824                             {manageable} {ergonomic}
     bool UseCompressedClassPointers               = true                           {product lp64_product} {ergonomic}
     bool UseCompressedOops                        = true                           {product lp64_product} {ergonomic}
     bool UseParallelGC                            = true                                      {product} {command line}

Logging:
Log output configuration:
 #0: stdout all=off uptime,level,tags
 #1: stderr all=off uptime,level,tags

Environment Variables:
JAVA_HOME=/usr/lib/java/graalvm
PATH=/usr/lib/java/graalvm/bin:/usr/lib/VulkanSDK/1.3.250.1/x86_64/bin:/usr/local/sbin:/usr/local/bin:/usr/sbin:/usr/bin:/sbin:/bin:/opt/bin:/usr/lib/llvm/16/bin:/usr/lib/llvm/15/bin:/usr/lib/llvm/14/bin
USERNAME=kgaft
LD_LIBRARY_PATH=/usr/lib/VulkanSDK/1.3.250.1/x86_64/lib
SHELL=/bin/bash
DISPLAY=:1
LANG=en_US.utf8

Active Locale:
LC_ALL=en_US.utf8
LC_COLLATE=en_US.utf8
LC_CTYPE=en_US.utf8
LC_MESSAGES=en_US.utf8
LC_MONETARY=en_US.utf8
LC_NUMERIC=en_US.utf8
LC_TIME=en_US.utf8

Signal Handlers:
   SIGSEGV: crash_handler in libjvm.so, mask=11100100010111111101111111111110, flags=SA_RESTART|SA_SIGINFO, unblocked
    SIGBUS: crash_handler in libjvm.so, mask=11100100010111111101111111111110, flags=SA_RESTART|SA_SIGINFO, unblocked
    SIGFPE: crash_handler in libjvm.so, mask=11100100010111111101111111111110, flags=SA_RESTART|SA_SIGINFO, unblocked
   SIGPIPE: javaSignalHandler in libjvm.so, mask=11100100010111111101111111111110, flags=SA_RESTART|SA_SIGINFO, blocked
   SIGXFSZ: javaSignalHandler in libjvm.so, mask=11100100010111111101111111111110, flags=SA_RESTART|SA_SIGINFO, blocked
    SIGILL: crash_handler in libjvm.so, mask=11100100010111111101111111111110, flags=SA_RESTART|SA_SIGINFO, unblocked
   SIGUSR2: SR_handler in libjvm.so, mask=00000000000000000000000000000000, flags=SA_RESTART|SA_SIGINFO, blocked
    SIGHUP: UserHandler in libjvm.so, mask=11100100010111111101111111111110, flags=SA_RESTART|SA_SIGINFO, blocked
    SIGINT: UserHandler in libjvm.so, mask=11100100010111111101111111111110, flags=SA_RESTART|SA_SIGINFO, blocked
   SIGTERM: UserHandler in libjvm.so, mask=11100100010111111101111111111110, flags=SA_RESTART|SA_SIGINFO, blocked
   SIGQUIT: UserHandler in libjvm.so, mask=11100100010111111101111111111110, flags=SA_RESTART|SA_SIGINFO, blocked
   SIGTRAP: crash_handler in libjvm.so, mask=11100100010111111101111111111110, flags=SA_RESTART|SA_SIGINFO, unblocked


---------------  S Y S T E M  ---------------

OS:
DISTRIB_ID="Gentoo"
uname: Linux 6.1.38-gentoo-dist #1 SMP PREEMPT_DYNAMIC Thu Jul  6 11:45:23 -00 2023 x86_64
OS uptime: 0 days 1:12 hours
libc: glibc 2.37 NPTL 2.37 
rlimit (soft/hard): STACK 8192k/infinity , CORE 0k/0k , NPROC 63240/63240 , NOFILE 4096/4096 , AS infinity/infinity , CPU infinity/infinity , DATA infinity/infinity , FSIZE infinity/infinity , MEMLOCK 8192k/8192k
load average: 1.75 1.03 1.10

/proc/meminfo:
MemTotal:       16221008 kB
MemFree:          186976 kB
MemAvailable:   12510156 kB
Buffers:              20 kB
Cached:         12327104 kB
SwapCached:            0 kB
Active:          6037172 kB
Inactive:        8933712 kB
Active(anon):    2874988 kB
Inactive(anon):    89180 kB
Active(file):    3162184 kB
Inactive(file):  8844532 kB
Unevictable:        4344 kB
Mlocked:              16 kB
SwapTotal:       8388604 kB
SwapFree:        8388604 kB
Zswap:                 0 kB
Zswapped:              0 kB
Dirty:                 0 kB
Writeback:           444 kB
AnonPages:       2648208 kB
Mapped:          1194384 kB
Shmem:            320412 kB
KReclaimable:     657936 kB
Slab:             784504 kB
SReclaimable:     657936 kB
SUnreclaim:       126568 kB
KernelStack:       13376 kB
PageTables:        29236 kB
SecPageTables:         0 kB
NFS_Unstable:          0 kB
Bounce:                0 kB
WritebackTmp:          0 kB
CommitLimit:    16499108 kB
Committed_AS:    8789192 kB
VmallocTotal:   34359738367 kB
VmallocUsed:       95788 kB
VmallocChunk:          0 kB
Percpu:             2592 kB
HardwareCorrupted:     0 kB
AnonHugePages:         0 kB
ShmemHugePages:        0 kB
ShmemPmdMapped:        0 kB
FileHugePages:         0 kB
FilePmdMapped:         0 kB
CmaTotal:              0 kB
CmaFree:               0 kB
HugePages_Total:       0
HugePages_Free:        0
HugePages_Rsvd:        0
HugePages_Surp:        0
Hugepagesize:       2048 kB
Hugetlb:               0 kB
DirectMap4k:     1591288 kB
DirectMap2M:    15034368 kB
DirectMap1G:           0 kB

/sys/kernel/mm/transparent_hugepage/enabled: always [madvise] never
/sys/kernel/mm/transparent_hugepage/defrag (defrag/compaction efforts parameter): always defer defer+madvise [madvise] never

Process Memory:
Virtual Size: 6722712K (peak: 6785568K)
Resident Set Size: 954440K (peak: 954440K) (anon: 756144K, file: 198296K, shmem: 0K)
Swapped out: 0K
C-Heap outstanding allocations: 68677K, retained: 42382K
glibc malloc tunables: (default)

/proc/sys/kernel/threads-max (system-wide limit on the number of threads): 126480
/proc/sys/vm/max_map_count (maximum number of memory map areas a process may have): 65530
/proc/sys/kernel/pid_max (system-wide limit on number of process identifiers): 32768

container (cgroup) information:
container_type: cgroupv1
cpu_cpuset_cpus: 0-7
cpu_memory_nodes: 0
active_processor_count: 8
cpu_quota: no quota
cpu_period: 100000
cpu_shares: no shares
memory_limit_in_bytes: unlimited
memory_and_swap_limit_in_bytes: unlimited
memory_soft_limit_in_bytes: unlimited
memory_usage_in_bytes: 14976756 k
memory_max_usage_in_bytes: unlimited
kernel_memory_usage_in_bytes: unlimited
kernel_memory_max_usage_in_bytes: unlimited
kernel_memory_limit_in_bytes: unlimited
maximum number of tasks: not supported
current number of tasks: not supported

Steal ticks since vm start: 0
Steal ticks percentage since vm start:  0.000

CPU: total 8 (initial active 8) (4 cores per cpu, 2 threads per core) family 6 model 158 stepping 9 microcode 0x5e, cx8, cmov, fxsr, ht, mmx, 3dnowpref, sse, sse2, sse3, ssse3, sse4.1, sse4.2, popcnt, lzcnt, tsc, tscinvbit, avx, avx2, aes, erms, clmul, bmi1, bmi2, adx, fma, vzeroupper, clflush, clflushopt
CPU Model and flags from /proc/cpuinfo:
model name	: Intel(R) Core(TM) i7-7700HQ CPU @ 2.80GHz
flags		: fpu vme de pse tsc msr pae mce cx8 apic sep mtrr pge mca cmov pat pse36 clflush dts acpi mmx fxsr sse sse2 ss ht tm pbe syscall nx pdpe1gb rdtscp lm constant_tsc art arch_perfmon pebs bts rep_good nopl xtopology nonstop_tsc cpuid aperfmperf pni pclmulqdq dtes64 monitor ds_cpl vmx est tm2 ssse3 sdbg fma cx16 xtpr pdcm pcid sse4_1 sse4_2 x2apic movbe popcnt tsc_deadline_timer aes xsave avx f16c rdrand lahf_lm abm 3dnowprefetch cpuid_fault epb invpcid_single pti tpr_shadow vnmi flexpriority ept vpid ept_ad fsgsbase tsc_adjust bmi1 avx2 smep bmi2 erms invpcid mpx rdseed adx smap clflushopt intel_pt xsaveopt xsavec xgetbv1 xsaves dtherm ida arat pln pts hwp hwp_notify hwp_act_window hwp_epp

Online cpus: 0-7
Offline cpus: 
BIOS frequency limitation: <Not Available>
Frequency switch latency (ns): 0
Available cpu frequencies: <Not Available>
Current governor: powersave
Core performance/turbo boost: <Not Available>

Memory: 4k page, physical 16221008k(186976k free), swap 8388604k(8388604k free)
Page Sizes: 4k

vm_info: OpenJDK 64-Bit Server VM (17.0.7+7) for linux-amd64 JRE (17.0.7+7), built on Apr 18 2023 00:00:00 by "temurin" with gcc 10.3.0

END.
